00005(00387),00000(00000) 0x00000020 01-07 06:14:02.092 17426: ../cl_ibc2.c:1991 clIbcGetDone: idx=25 SlamStatus=0x5000402
00005(00387),00000(00000) 0x00000020 01-07 06:14:02.092 17426: ../cl_ibc2.c:1991 clIbcGetDone: idx=26 SlamStatus=0x5000402
00005(00387),00000(00000) 0x00000020 01-07 06:14:02.092 17426: ../cl_ibc2.c:1991 clIbcGetDone: idx=27 SlamStatus=0x5000402
00005(00387),00000(00000) 0x00000020 01-07 06:14:02.092 17426: ../cl_ibc2.c:1991 clIbcGetDone: idx=28 SlamStatus=0x5000402
00005(00387),00000(00000) 0x00000020 01-07 06:14:02.092 17426: ../cl_ibc2.c:1991 clIbcGetDone: idx=29 SlamStatus=0x5000402
00005(00387),00000(00000) 0x00000020 01-07 06:14:02.092 17426: ../cl_ibc2.c:2007 clIbcGetDone: added 30 ISDN BCHAN state columns
00004(00387),00000(00000) 0x00000020 01-07 06:14:02.092 17426: ../cl_bdy7.c:1039 clFreeTL1transId: transId-(34462) has null entry
00004(00387),00000(00000) 0x00000020 01-07 06:14:02.093 17426: ../cl_bdy6.c:207 sending back transId 0x869e  status = 0  reason = 0
00001(00387),00000(00000) 0x00000020 01-07 06:14:02.093 17426: ../cl_bdy2.c:1450 freeing input tables
00001(00387),00000(00000) 0x00000020 01-07 06:14:02.093 17426: ../cl_bdy7.c:528 no entries in the hold Q, holdQ:0, runQ:0
00001(00387),00000(00000) 0x00000020 01-07 06:14:04.719 17450: ../cc_bdy4.c:17336 ccGenericTmrEvent=2
00001(00387),00000(00000) 0x00000020 01-07 06:14:04.719 17450: ../cc_lib.c:63631 ccProcess10SecondTmrExpiry :No.ofOverload:0, currentMG_OverloadRate:0.000000, targetMG_OverloadRate:0.500000
00002(00387),00000(00000) 0x00000020 01-07 06:14:04.719 17450: ../cc_bdy4.c:17264 ccGenericStartTmr
00001(00387),00000(00000) 0x00000020 01-07 06:14:04.719 17450: ../rm_rum.c:648 rumInactiveTimeOut: **** RUM Inactivity detected *****
00001(00387),00000(00000) 0x00000020 01-07 06:14:14.719 17450: ../cc_bdy4.c:17336 ccGenericTmrEvent=2
00001(00387),00000(00000) 0x00000020 01-07 06:14:14.719 17450: ../cc_lib.c:63631 ccProcess10SecondTmrExpiry :No.ofOverload:0, currentMG_OverloadRate:0.000000, targetMG_OverloadRate:0.500000
00002(00387),00000(00000) 0x00000020 01-07 06:14:14.719 17450: ../cc_bdy4.c:17264 ccGenericStartTmr
00001(00387),00000(00000) 0x00000020 01-07 06:14:23.882 17426: ../cl_rcpm1.c:229 numcounters received 1
00001(00387),00000(00000) 0x00000020 01-07 06:14:23.882 17426: ../cl_bdy7.c:299 LM_RC_PM:event:0 in state:0, next state:1
00001(00387),00000(00000) 0x00000020 01-07 06:14:23.882 17450: ../cc_bdy1.c:7558 CCDP_RECOND : relCondition[18] count[9] 
00002(00387),00000(00000) 0x00000020 01-07 06:14:23.882 17450: ../cc_bdy1.c:7558 CCDP_RECOND : relCondition[57] count[4] 
00001(00387),00000(00000) 0x00000020 01-07 06:14:23.882 17426: ../cl_bdy7.c:299 LM_RC_PM:event:1 in state:1, next state:0
00002(00387),00000(00000) 0x00000020 01-07 06:14:23.882 17426: ../cl_rcpm2.c:914 Inside clRcPmUnpackStsData
00002(00387),00000(00000) 0x00000020 01-07 06:14:23.882 17426: ../cl_rcpm2.c:933 Unpacking STGENCALLFAIL
00001(00387),00000(00000) 0x00000020 01-07 06:14:23.882 17426: ../cl_rcpm2.c:219 >> Inside clRcPmGenCfm <<
00001(00387),00000(00000) 0x00000020 01-07 06:14:23.882 17426: ../cl_rcpm2.c:720 context->fsmInfo.event 1
00001(00387),00000(00000) 0x00000020 01-07 06:14:23.882 17426: ../cl_rcpm2.c:721 packing 96 counters 
00002(00387),00000(00000) 0x00000020 01-07 06:14:23.882 17426: ../cl_bdy5.c:802 cleaning up stale transId:0x800011e9 for module:153
00003(00387),00000(00000) 0x00000020 01-07 06:14:23.882 17426: ../cl_bdy7.c:1039 clFreeTL1transId: transId-(34466) has null entry
00003(00387),00000(00000) 0x00000020 01-07 06:14:23.882 17426: ../cl_bdy6.c:207 sending back transId 0x86a2  status = 0  reason = 0
00003(00387),00000(00000) 0x00000020 01-07 06:14:23.882 17426: ../cl_bdy2.c:1450 freeing input tables
00004(00387),00000(00000) 0x00000020 01-07 06:14:23.882 17426: ../cl_bdy7.c:528 no entries in the hold Q, holdQ:0, runQ:0
00005(00387),00000(00000) 0x00000020 01-07 06:14:23.882 17426: ../cl_bdy5.c:763 cmHashListFind failed for 0x800011e9
00006(00387),00000(00000) 0x00000020 01-07 06:14:23.882 17426: ../cl_bdy5.c:714  can't free transId
00001(00387),00000(00000) 0x00000020 01-07 06:14:24.082 17426: ../cl_rcpm1.c:229 numcounters received 1
00001(00387),00000(00000) 0x00000020 01-07 06:14:24.082 17426: ../cl_bdy7.c:299 LM_RC_PM:event:0 in state:0, next state:1
00001(00387),00000(00000) 0x00000020 01-07 06:14:24.082 17450: ../cc_bdy1.c:7558 CCDP_RECOND : relCondition[18] count[9] 
00002(00387),00000(00000) 0x00000020 01-07 06:14:24.082 17450: ../cc_bdy1.c:7558 CCDP_RECOND : relCondition[57] count[4] 
00001(00387),00000(00000) 0x00000020 01-07 06:14:24.082 17426: ../cl_bdy7.c:299 LM_RC_PM:event:1 in state:1, next state:0
00002(00387),00000(00000) 0x00000020 01-07 06:14:24.082 17426: ../cl_rcpm2.c:914 Inside clRcPmUnpackStsData
00003(00387),00000(00000) 0x00000020 01-07 06:14:24.082 17426: ../cl_rcpm2.c:933 Unpacking STGENCALLFAIL
00002(00387),00000(00000) 0x00000020 01-07 06:14:24.082 17426: ../cl_rcpm2.c:219 >> Inside clRcPmGenCfm <<
00003(00387),00000(00000) 0x00000020 01-07 06:14:24.082 17426: ../cl_rcpm2.c:720 context->fsmInfo.event 1
00003(00387),00000(00000) 0x00000020 01-07 06:14:24.082 17426: ../cl_rcpm2.c:721 packing 96 counters 
00003(00387),00000(00000) 0x00000020 01-07 06:14:24.082 17426: ../cl_bdy5.c:802 cleaning up stale transId:0x800011ea for module:153
00004(00387),00000(00000) 0x00000020 01-07 06:14:24.082 17426: ../cl_bdy7.c:1039 clFreeTL1transId: transId-(34470) has null entry
00004(00387),00000(00000) 0x00000020 01-07 06:14:24.082 17426: ../cl_bdy6.c:207 sending back transId 0x86a6  status = 0  reason = 0
00001(00387),00000(00000) 0x00000020 01-07 06:14:24.082 17426: ../cl_bdy2.c:1450 freeing input tables
00001(00387),00000(00000) 0x00000020 01-07 06:14:24.082 17426: ../cl_bdy7.c:528 no entries in the hold Q, holdQ:0, runQ:0
00001(00387),00000(00000) 0x00000020 01-07 06:14:24.082 17426: ../cl_bdy5.c:763 cmHashListFind failed for 0x800011ea
00002(00387),00000(00000) 0x00000020 01-07 06:14:24.082 17426: ../cl_bdy5.c:714  can't free transId
00001(00387),00000(00000) 0x00000020 01-07 06:14:24.719 17450: ../cc_bdy4.c:17336 ccGenericTmrEvent=2
00001(00387),00000(00000) 0x00000020 01-07 06:14:24.719 17450: ../cc_lib.c:63631 ccProcess10SecondTmrExpiry :No.ofOverload:0, currentMG_OverloadRate:0.000000, targetMG_OverloadRate:0.500000
00002(00387),00000(00000) 0x00000020 01-07 06:14:24.719 17450: ../cc_bdy4.c:17264 ccGenericStartTmr
00001(00387),00000(00000) 0x00000020 01-07 06:14:26.907 17450: ../in_bdy1.c:7934 [Q931]:InLiDatDatInd - Entered ******
00002(00387),00000(00000) 0x00000020 01-07 06:14:26.907 17450: ../in_bdy1.c:8025 [Q931]:pcb rSuId 4425 got cb->mfMsgCtl.msgIdx = 16
00002(00387),00000(00000) 0x00000020 01-07 06:14:26.907 17450: ../in_bdy1.c:8072 [Q931]:InLiDatDatInd - Checking msg length for errors mBuf = bd5808ec
00003(00387),00000(00000) 0x00000020 01-07 06:14:26.907 17450: ../in_bdy1.c:8077 [Q931]:InLiDatDatInd - after SExamMsg hdr.callRefLen.val = 2
00004(00387),00000(00000) 0x00000020 01-07 06:14:26.907 17450: ../in_bdy1.c:8102 [Q931]:pcb rSuId 4425 got cb->mfMsgCtl.msgIdx = 5
00005(00387),00000(00000) 0x00000020 01-07 06:14:26.907 17450: ../in_bdy1.c:8285 [Q931]:InLiDatDatInd - ********* callRef = 0x1 **********
00006(00387),00000(00000) 0x00000020 01-07 06:14:26.907 17450: ../in_bdy1.c:8308 [Q931]:InLiDatDatInd - CallRefFlag = 0 
00007(00387),00000(00000) 0x00000020 01-07 06:14:26.907 17450: ../in_bdy1.c:8475 [Q931]:InLiDatDatInd - pdu header decoded OK - ntc = 00000000 
00008(00387),00000(00000) 0x00000020 01-07 06:14:26.907 17450: ../in_bdy14.c:818 [Q931]:inGetNtc: ******Entered inGetNtc  callRef = 1********
00009(00387),00000(00000) 0x00000020 01-07 06:14:26.907 17450: ../in_bdy14.c:833 [Q931]:inGetNtc: cb = bd7bfebc, sapType = 2, callRef = 1 
00010(00387),00000(00000) 0x00000020 01-07 06:14:26.907 17450: ../in_bdy14.c:849 [Q931]:inGetNtc: find entry with this callRef cb = bd7bfebc, sapType = 2, callRef = 1 
00011(00387),00000(00000) 0x00000020 01-07 06:14:26.907 17450: ../in_bdy14.c:1244 [Q931]:inCallRefSearch: numCalRef = 0, callRef = 1, entry = 00000000
00012(00387),00000(00000) 0x00000020 01-07 06:14:26.907 17450: ../in_bdy14.c:856 [Q931]:inGetNtc: allocating a new NTC
00011(00387),00000(00000) 0x00000020 01-07 06:14:26.907 17450: ../in_bdy14.c:893 [Q931]:inGetNtc: calling inInsCallRefEnt with cb = bd7bfebc, callRef = 1, p = bd7c41c4
00009(00387),00000(00000) 0x00000020 01-07 06:14:26.907 17450: ../in_bdy14.c:1405 [Q931]:inInsCallRefEnt: new-cb->inNtcPtr = bd7c44a4, numCalRef = 1,tmp->ntc = bd7c41c4, tmp->calRef = 1
00006(00387),00000(00000) 0x00000020 01-07 06:14:26.907 17450: ../in_bdy1.c:8975 [Q931]:InLiDatDatInd - **** get ntc **** sapType = 2, inNtcPtr = bd7c44a4, numCalRef = 1 callRef = 0x1
00002(00387),00000(00000) 0x00000020 01-07 06:14:26.907 17450: ../in_bdy1.c:10387 [Q931]:InLiDatDatInd - ntc = bd7c41c4, ntc->state = 0, dCallRef = 1, tCallRef = 0, callType = 2 origin =1
00003(00387),00000(00000) 0x00000020 01-07 06:14:26.907 17450: ../in_bdy1.c:10389 [Q931]:InLiDatDatInd - calling inActDat: cb = bd7bfebc, ntc = bd7c41c4, msgIdx = 5
00004(00387),00000(00000) 0x00000020 01-07 06:14:26.907 17450: ../in_bdy9.c:9530 [Q931]:SuId:0x1, Event:5 State:0 dCallRef=0x1, suInstId=0x0
00005(00387),00000(00000) 0x00000020 01-07 06:14:26.907 17450: ../in_bdy5.c:5637 [Q931]:kavon before ntc->pduSp->m.setup.chanId.eh.pres = 1
00005(00387),00000(00000) 0x00000020 01-07 06:14:26.907 17450: ../in_bdy12.c:2864 [Q931]:kavon before chanId->eh.pres = 1
00006(00387),00000(00000) 0x00000020 01-07 06:14:26.907 17450: ../in_bdy12.c:2867 [Q931]:kavon after chanId->eh.pres = 1
00006(00387),00000(00000) 0x00000020 01-07 06:14:26.907 17450: ../in_bdy12.c:1806 [Q931]:selecting intId 0 chan 2 for dCallRef = 0x01, suInstId=0x000000
00007(00387),00000(00000) 0x00000020 01-07 06:14:26.907 17450: ../in_bdy5.c:5640 [Q931]:kavon after ntc->pduSp->m.setup.chanId.eh.pres = 1
00007(00387),00000(00000) 0x00000020 01-07 06:14:26.907 17450: ../in_bdy5.c:5641 [Q931]:kavon after ntc->pduSp->m.setup.chanId.prefExc.val = 0
00008(00387),00000(00000) 0x00000020 01-07 06:14:26.907 17450: ../in_bdy5.c:5642 [Q931]:kavon after ntc->pduSp->m.setup.chanId.chanNmbSlotMap.val[0] = 2
00008(00387),00000(00000) 0x00000020 01-07 06:14:26.907 17450: ../in_bdy5.c:5904 [Q931]:inNetE05S00: ****** tCallRef = 34 - dCallRef = 1 *******
00008(00387),00000(00000) 0x00000020 01-07 06:14:26.907 17450: ../in_bdy5.c:5941 [Q931]:kavon ev.m.conEvnt.chanId.eh.pres = 1
00009(00387),00000(00000) 0x00000020 01-07 06:14:26.907 17450: ../qw_bdy1.c:1082 [QW]:QwLiIntConInd, SuId 6 SpInstId 22, Dchan 1 
00010(00387),00000(00000) 0x00000020 01-07 06:14:26.907 17450: ../qw_bdy1.c:1171 [QW]:kavon QwLiIntConInd conEvnt->chanId.eh.pres = 1
00010(00387),00000(00000) 0x00000020 01-07 06:14:26.907 17450: ../qw_bdy1.c:1174 [QW]:kavon chanId is present
00009(00387),00000(00000) 0x00000020 01-07 06:14:26.907 17450: ../cc_bdy5.c:16219 initializes ainInfo
00009(00387),00000(00000) 0x00000020 01-07 06:14:26.907 17450: ../cc_bdy5.c:16303 initializes pIcBcm
00009(00387),00000(00000) 0x00000020 01-07 06:14:26.907 17450: ../cc_bdy5.c:16354 initializes pOgBcm
00010(00387),00000(00000) 0x00000020 01-07 06:14:26.907 17450: ../cc_bdy4.c:14178 INC con count to 1. id=0, f7389c4c
00010(00387),00000(00000) 0x00000020 01-07 06:14:26.907 17450: ../cc_lib.c:74716 Enetering ccGetNewVarSipCallId!
00009(00387),00000(00000) 0x00000020 01-07 06:14:26.907 17450: ../cc_bdy4.c:14403 ccStoreEvnt: protSize==5220, size==24612
00009(00387),00000(00000) 0x00000020 01-07 06:14:26.907 17450: ../cc_bdy4.c:17031 ccExtractCDRCalledNum():: cdPtyNum->eh.pres notprsnt
00009(00387),00000(00000) 0x00000020 01-07 06:14:26.907 17450: ../cc_bdy2.c:18066 CCFSM: EXT:E00S00, dir:1, icSp:0x00000022, icSu:0x00000032, ogSp:0x00000000, ogSu:0x00000033, icEvntType:00
00009(00387),00000(00000) 0x00000020 01-07 06:14:26.907 17450: ../cc_bdy4.c:11504 ccConTmrEv:Start tmr = 2 icSuConnId = 50, ogSuConnId = 51
00009(00387),00000(00000) 0x00000020 01-07 06:14:26.907 17450: ../cc_bdy5.c:15384 Copying ISDN CdNum into clAddrInfo
00009(00387),00000(00000) 0x00000020 01-07 06:14:26.907 17450: ../cc_bdy5.c:15410 pClAddrInfo->nmbDigits.val[0] = 2
00010(00387),00000(00000) 0x00000020 01-07 06:14:26.907 17450: ../cc_bdy5.c:15410 pClAddrInfo->nmbDigits.val[1] = 0
00010(00387),00000(00000) 0x00000020 01-07 06:14:26.907 17450: ../cc_bdy5.c:15410 pClAddrInfo->nmbDigits.val[2] = 9
00011(00387),00000(00000) 0x00000020 01-07 06:14:26.907 17450: ../cc_bdy5.c:15410 pClAddrInfo->nmbDigits.val[3] = 3
00012(00387),00000(00000) 0x00000020 01-07 06:14:26.907 17450: ../cc_bdy5.c:15410 pClAddrInfo->nmbDigits.val[4] = 6
00012(00387),00000(00000) 0x00000020 01-07 06:14:26.907 17450: ../cc_bdy5.c:15410 pClAddrInfo->nmbDigits.val[5] = 7
00013(00387),00000(00000) 0x00000020 01-07 06:14:26.907 17450: ../cc_bdy5.c:15410 pClAddrInfo->nmbDigits.val[6] = 0
00013(00387),00000(00000) 0x00000020 01-07 06:14:26.907 17450: ../cc_bdy5.c:16470 TransactionID = 44
00013(00387),00000(00000) 0x00000020 01-07 06:14:26.907 17450: ../cc_bdy2.c:18323  TransId= 44
00014(00387),00000(00000) 0x00000020 01-07 06:14:26.907 17450: ../cc_bdy5.c:16633 ccFillBCMInfo TransId=44, ccId=1, pic=1
00014(00387),00000(00000) 0x00000020 01-07 06:14:26.907 17450: ../cc_lib.c:80587 ccExtractSpeccalCallFromConInd() protType=512 con->specialCall=0
00015(00387),00000(00000) 0x00000020 01-07 06:14:26.907 17450: ../cc_geo_cri.c:750 ccGeoExtractProtCri_real:
00015(00387),00000(00000) 0x00000020 01-07 06:14:26.907 17450: ../cc_geo_cri.c:937 ccGeoAllocCriInfo_real:
00015(00387),00000(00000) 0x00000020 01-07 06:14:26.907 17450: ../cc_lib.c:38719 ccExtractCallReferenceForIAM:icSu:50
00015(00387),00000(00000) 0x00000020 01-07 06:14:26.907 17450: ../cc_lib.c:38727 ccExtractCallReferenceForIAM not needed for protocol:512 or direction:1
00016(00387),00000(00000) 0x00000020 01-07 06:14:26.907 17450: ../cc_lib.c:38857 ccExtractInfoFromConEvent icSu = 50, og = 51
00016(00387),00000(00000) 0x00000020 01-07 06:14:26.907 17450: ../cc_lib.c:38882 ccExtractInfoFromConEvent - start:CdPtyNmb:(eh.pres,nmbDig.pres,nmbDig.len,nmbDig.val):ainInfo.cdPtyNum:(0,0,0,)
, m.siConEvnt.cdPtyNum:(44,99,83,0x00000030, ogSp:0x0)
, telicaCDR_extention.cdPtyNmb:(0,0,0,)
00017(00387),00000(00000) 0x00000020 01-07 06:14:26.907 17450: ../cc_lib.c:39176 No TraceId from ISDN
00017(00387),00000(00000) 0x00000020 01-07 06:14:26.907 17450: ../cc_lib.c:39197 ss7Format = 0, chargeNum =0, chargeNum = 0
00017(00387),00000(00000) 0x00000020 01-07 06:14:26.907 17450: ../cc_lib.c:58622 ccPopulateBearerCapabInd: FID 2361 - tranMode pres=1 val=0, infoTranCap pres=1 val=16, infoTranRate0 pres=1 val=16
00018(00387),00000(00000) 0x00000020 01-07 06:14:26.907 17450: ../cc_lib.c:39811 ccExtractInfoFromConEvent: FID 2361 - After populate BearerCapabInd from ISDN: 1
00018(00387),00000(00000) 0x00000020 01-07 06:14:26.907 17450: ../cc_lib.c:39840 ccExtractInfoFromConEvent - end:CdPtyNmb:(eh.pres,nmbDig.pres,nmbDig.len,nmbDig.val):
ainInfo.cdPtyNum:(0,0,0,), m.siConEvnt.cdPtyNum:(44,99,83,0x00000030, ogSp:0x0), telicaCDR_extention.cdPtyNmb:(1,1,7,2093670)
00018(00387),00000(00000) 0x00000020 01-07 06:14:26.907 17450: ../cc_lib.c:9762 Intra-ccs call or ingress CCS for inter-CCS call
00019(00387),00000(00000) 0x00000020 01-07 06:14:26.907 17450: ../cc_lib.c:9687 procId =551
00020(00387),00000(00000) 0x00000020 01-07 06:14:26.907 17450: ../cc_lib.c:9690 Iom: 1, Cpu: 1
00021(00387),00000(00000) 0x00000020 01-07 06:14:26.907 17450: ../cc_lib.c:9734 ATCA:Shelf Id:0,Phy SlotId:3,cpuId:1
00021(00387),00000(00000) 0x00000020 01-07 06:14:26.907 17450: ../cc_bdy2.c:18840 FID 14700.0: Ingress:(pres-1, CM-131-CPU-1),Egress:(pres-2, CM-0-CPU-0)
00022(00387),00000(00000) 0x00000020 01-07 06:14:26.907 17450: ../cc_bdy2.c:19037 contType = 0 
00022(00387),00000(00000) 0x00000020 01-07 06:14:26.907 17450: ../cc_bdy2.c:19040 CCFSM: State: 0-> 1, icSu:0x00000032, ogSu:0x00000033
00022(00387),00000(00000) 0x00000020 01-07 06:14:26.907 17450: ../rm_bdy1.c:1640 kavon RmUiRmtAlocReq: SpId 0, suConnId 50, AlocType 3, otherRscReq 0
00022(00387),00000(00000) 0x00000020 01-07 06:14:26.907 17450: ../rm_bdy6.c:2162 kavon rsrc->rscPres = 1
00023(00387),00000(00000) 0x00000020 01-07 06:14:26.907 17450: ../rm_bdy6.c:2259 kavon alocType = 3
00023(00387),00000(00000) 0x00000020 01-07 06:14:26.907 17450: ../rm_bdy6.c:2366 kavon alocType = RMT_VER_AND_ALOC
00023(00387),00000(00000) 0x00000020 01-07 06:14:26.907 17450: ../rm_bdy1.c:1960 kavon RmUiRmtAlocReq::suConnId=32, intfType=ISDN, intfcId=3670, intType=1, infoChanSel=1, dChanInd=000023(00387),00000(00000) 0x00000020 01-07 06:14:26.907 17450: ../cc_bdy2.c:18066 CCFSM: EXT:E09S01, dir:1, icSp:0x00000022, icSu:0x00000032, ogSp:0x00000000, ogSu:0x00000033, icEvntType:00
00024(00387),00000(00000) 0x00000020 01-07 06:14:26.907 17450: ../cc_bdy2.c:19237 ccConE09S01 Result = 2
00024(00387),00000(00000) 0x00000020 01-07 06:14:26.907 17450: ../cc_calltrc.c:1144 ccNeedsLogging - CALLINC, icRsc-intfcType:512
00025(00387),00000(00000) 0x00000020 01-07 06:14:26.907 17450: ../cc_calltrc.c:1172 ccNeedsLogging - icBcm.interCcs:0, ogBcm.interCcs:0, logit:1, icProtType:514, ogProtType:0
00025(00387),00000(00000) 0x00000020 01-07 06:14:26.907 17450: ../cc_calltrc.c:1092 ccChkCallTrc - needsLogging:TRUE, critNum:0, captNum:0
00025(00387),00000(00000) 0x00000020 01-07 06:14:26.907 17450: ../cc_lib.c:43274 ccSendOrSkipInfoCollected - icSu = 0x32, ogSu = 0x33, transId = 0x2c
start:ainInfo.CdPtyNmb: (eh.pres,nmbDig.pres,nmbDig.len,nmbDig.val):(0,0,0,)
00025(00387),00000(00000) 0x00000020 01-07 06:14:26.907 17450: ../cc_bdy5.c:16683 ccUpdateBcm , ccId=1, pic=3 bcmtype=0
00026(00387),00000(00000) 0x00000020 01-07 06:14:26.907 17450: ../cc_lib.c:43362  Fill InfoColl 0x32
00026(00387),00000(00000) 0x00000020 01-07 06:14:26.907 17450: ../cc_bdy5.c:1056 Filling SvcHeader for msgType = 1 captIndex 0
00027(00387),00000(00000) 0x00000020 01-07 06:14:26.907 17450: ../cc_bdy5.c:1061 pHeader->spTransId = 44, pHeader->suTransId = 0
00028(00387),00000(00000) 0x00000020 01-07 06:14:26.907 17450: ../cc_bdy5.c:1452 Fill InfoCollected
00028(00387),00000(00000) 0x00000020 01-07 06:14:26.907 17450: ../cc_bdy5.c:5651 pUsrId->protVarType = 514
00029(00387),00000(00000) 0x00000020 01-07 06:14:26.907 17450: ../cc_bdy5.c:5652 pUsrId->protType = 2
00029(00387),00000(00000) 0x00000020 01-07 06:14:26.907 17450: ../cc_bdy5.c:5691 pUsrId->u.sub.intfcId.pres = 1,pUsrId->u.sub.intfcId.val = 3670
00030(00387),00000(00000) 0x00000020 01-07 06:14:26.907 17450: ../cc_bdy5.c:5704  Cannot fill pUsrId->u.sub.dn For ISDN
00030(00387),00000(00000) 0x00000020 01-07 06:14:26.907 17450: ../cc_bdy5.c:5996 ccFillBCap
00031(00387),00000(00000) 0x00000020 01-07 06:14:26.907 17450: ../cc_bdy5.c:6316 Filled ISDN infoTranCap:pres1,val:1
00031(00387),00000(00000) 0x00000020 01-07 06:14:26.907 17450: ../cc_bdy5.c:6323 Filled ISDN codeStand0: 0
00032(00387),00000(00000) 0x00000020 01-07 06:14:26.907 17450: ../cc_bdy5.c:6330 Filled ISDN infoTranRate0: 16
00033(00387),00000(00000) 0x00000020 01-07 06:14:26.907 17450: ../cc_bdy5.c:6337 Filled ISDN tranMode: 0
00033(00387),00000(00000) 0x00000020 01-07 06:14:26.907 17450: ../cc_bdy5.c:6344 Filled ISDN usrInfoLyr1Prot: 3
00034(00387),00000(00000) 0x00000020 01-07 06:14:26.907 17450: ../cc_bdy5.c:30642 Entered ccProcessDefValForCgPrtyId
00034(00387),00000(00000) 0x00000020 01-07 06:14:26.907 17450: ../cc_bdy5.c:30702 ccProcessDefValForCgPrtyId() Reached default 
00035(00387),00000(00000) 0x00000020 01-07 06:14:26.907 17450: ../cc_bdy5.c:30388 Entered ccProcessDefValForChrgNmb
00035(00387),00000(00000) 0x00000020 01-07 06:14:26.907 17450: ../cc_bdy5.c:30449 ccProcessDefValForChrgNmb() Reached default 
00036(00387),00000(00000) 0x00000020 01-07 06:14:26.907 17450: ../cc_bdy5.c:7277 Filling chrgPrtySType for ISDN
00036(00387),00000(00000) 0x00000020 01-07 06:14:26.907 17450: ../cc_bdy5.c:30911 Entered ccProcessDefValForOLI
00037(00387),00000(00000) 0x00000020 01-07 06:14:26.907 17450: ../cc_bdy5.c:30972 ccProcessDefValForOLI() Reached default 
00037(00387),00000(00000) 0x00000020 01-07 06:14:26.907 17450: ../cc_bdy5.c:7371 Filled ClAddrInfo pClAddrInfo->typeNmb1.val = 2
00038(00387),00000(00000) 0x00000020 01-07 06:14:26.907 17450: ../cc_bdy5.c:30813 Entered ccProcessDefValForClAddrInfo
00038(00387),00000(00000) 0x00000020 01-07 06:14:26.907 17450: ../cc_bdy5.c:30886 ccProcessDefValForClAddrInfo() Reached default 
00039(00387),00000(00000) 0x00000020 01-07 06:14:26.907 17450: ../cc_bdy5.c:7604 No Original Called Party Number for ISDN
00039(00387),00000(00000) 0x00000020 01-07 06:14:26.907 17450: ../cc_bdy5.c:32800 Entered ccProcessDefValForOCalledPrtyId
00040(00387),00000(00000) 0x00000020 01-07 06:14:26.907 17450: ../cc_bdy5.c:32859 ccProcessDefValForOCalledPrtyId() Reached default 
00041(00387),00000(00000) 0x00000020 01-07 06:14:26.907 17450: ../cc_bdy5.c:7812 Redirecting Party ID sent for ISDN
00041(00387),00000(00000) 0x00000020 01-07 06:14:26.907 17450: ../cc_bdy5.c:7839 No RedirPrtyId for ISDN 
00042(00387),00000(00000) 0x00000020 01-07 06:14:26.907 17450: ../cc_bdy5.c:32884 Entered ccProcessDefValForRedirPrtyId
00043(00387),00000(00000) 0x00000020 01-07 06:14:26.907 17450: ../cc_bdy5.c:32942 ccProcessDefValForRedirPrtyId() Reached default 
00044(00387),00000(00000) 0x00000020 01-07 06:14:26.907 17450: ../cc_bdy5.c:8200 No RedirInfo in con->ainInfo.redirInfo 
00045(00387),00000(00000) 0x00000020 01-07 06:14:26.907 17450: ../cc_bdy5.c:8263 Reached default
00046(00387),00000(00000) 0x00000020 01-07 06:14:26.907 17450: ../cc_bdy5.c:9250 GenAddr is filled 
00047(00387),00000(00000) 0x00000020 01-07 06:14:26.907 17450: ../cc_bdy5.c:7936 Redirecting Nmb 1 sent for ISDN
00048(00387),00000(00000) 0x00000020 01-07 06:14:26.907 17450: ../cc_bdy5.c:8051 CgPtySad  sent for ISDN
00048(00387),00000(00000) 0x00000020 01-07 06:14:26.907 17450: ../cc_bdy5.c:8129 OperSysAcc  sent for ISDN
00049(00387),00000(00000) 0x00000020 01-07 06:14:26.907 17450: ../cc_bdy5.c:9189  ISDN Jurisdiction param is not filled
00050(00387),00000(00000) 0x00000020 01-07 06:14:26.907 17450: ../cc_bdy5.c:31270 Entered ccProcessDefValForJIP
00051(00387),00000(00000) 0x00000020 01-07 06:14:26.907 17450: ../cc_bdy5.c:31331 ccProcessDefValForJIP() Reached default 
00052(00387),00000(00000) 0x00000020 01-07 06:14:26.907 17450: ../cc_bdy5.c:32134 Entered ccFillTmpRegs 
00053(00387),00000(00000) 0x00000020 01-07 06:14:26.907 17450: ../cc_bdy5.c:9884 Filling CcId, val = 1 
00054(00387),00000(00000) 0x00000020 01-07 06:14:26.907 17450: ../cc_bdy5.c:31151 Entered ccProcessDefValForTNS
00055(00387),00000(00000) 0x00000020 01-07 06:14:26.907 17450: ../cc_bdy5.c:31245 ccProcessDefValForTNS() Reached default 
00056(00387),00000(00000) 0x00000020 01-07 06:14:26.907 17450: ../cc_bdy5.c:31357 Entered ccProcessDefValForCSI
00057(00387),00000(00000) 0x00000020 01-07 06:14:26.907 17450: ../cc_bdy5.c:31418 ccProcessDefValForCSI() Reached default 
00056(00387),00000(00000) 0x00000020 01-07 06:14:26.907 17450: ../cc_bdy5.c:8397 Not valid for CAS/ISDN/LCL_SWT_PROT protocol type :ccFillCarrier
00056(00387),00000(00000) 0x00000020 01-07 06:14:26.907 17450: ../cc_bdy5.c:31000 Entered ccProcessDefValForCIP
00056(00387),00000(00000) 0x00000020 01-07 06:14:26.907 17450: ../cc_bdy5.c:31123 ccProcessDefValForCIP() Reached default 
00057(00387),00000(00000) 0x00000020 01-07 06:14:26.907 17450: ../cc_bdy5.c:8881 Invalid protocol type = 512in ccFillPhostname00057(00387),00000(00000) 0x00000020 01-07 06:14:26.907 17450: ../cc_bdy5.c:30476 Entered ccProcessDefValForPhostname
00058(00387),00000(00000) 0x00000020 01-07 06:14:26.907 17450: ../cc_bdy5.c:30531 ccProcessDefValForPhostname() Reached default 
00059(00387),00000(00000) 0x00000020 01-07 06:14:26.907 17450: ../cc_bdy5.c:1088 ccFillCallType():: *pCallType = 0
00060(00387),00000(00000) 0x00000020 01-07 06:14:26.907 17450: ../cc_bdy5.c:1096 pNmbrCategory->pres=0
00061(00387),00000(00000) 0x00000020 01-07 06:14:26.907 17450: ../cc_bdy5.c:1097 pNmbrCategory->val=0
00062(00387),00000(00000) 0x00000020 01-07 06:14:26.907 17450: ../cc_bdy5.c:31444 Entered ccProcessDefValForNmbCategory
00063(00387),00000(00000) 0x00000020 01-07 06:14:26.907 17450: ../cc_bdy5.c:31504 ccProcessDefValForNmbCategory() Reached default 
00064(00387),00000(00000) 0x00000020 01-07 06:14:26.907 17450: ../cc_bdy5.c:32605 ccFillCIC():: Reached default, protType=512
00065(00387),00000(00000) 0x00000020 01-07 06:14:26.907 17450: ../cc_bdy5.c:33055 RedirPtySad  sent for ISDN
00066(00387),00000(00000) 0x00000020 01-07 06:14:26.907 17450: ../cc_bdy5.c:33173 Invalid protocol=512 in ccFillNpFci()
00067(00387),00000(00000) 0x00000020 01-07 06:14:26.907 17450: ../cc_bdy5.c:33324 Invalid protocol=512 in ccFillCdDirNum()
00067(00387),00000(00000) 0x00000020 01-07 06:14:26.907 17450: ../cc_bdy5.c:32495 ccFillDgtMapMatch:
00068(00387),00000(00000) 0x00000020 01-07 06:14:26.907 17450: ../cc_bdy4.c:19050  Entered ccRestoreEvntHold 
00068(00387),00000(00000) 0x00000020 01-07 06:14:26.907 17450: ../cc_bdy4.c:19056  No need to Restore EvntHold 
00069(00387),00000(00000) 0x00000020 01-07 06:14:26.907 17450: ../cc_bdy5.c:32533 ccFillDgtMapMatch: ccEvntHold:0xbd788054, protType:512
00070(00387),00000(00000) 0x00000020 01-07 06:14:26.907 17450: ../cc_bdy5.c:32542 ccFillpCsCfAddrs:
00070(00387),00000(00000) 0x00000020 01-07 06:14:26.907 17450: ../cc_bdy4.c:19050  Entered ccRestoreEvntHold 
00071(00387),00000(00000) 0x00000020 01-07 06:14:26.907 17450: ../cc_bdy4.c:19056  No need to Restore EvntHold 
00071(00387),00000(00000) 0x00000020 01-07 06:14:26.907 17450: ../cc_bdy5.c:32568 ccFillpCsCfAddrs: ccEvntHold:0xbd788054, protType:512
00072(00387),00000(00000) 0x00000020 01-07 06:14:26.907 17450: ../cc_bdy5.c:10387 Entered ccFillRscPriority protType=512
00073(00387),00000(00000) 0x00000020 01-07 06:14:26.908 17450: ../cc_bdy5.c:10464 Fill ccFillRscPriority Default - not expected protocol
00073(00387),00000(00000) 0x00000020 01-07 06:14:26.908 17450: ../cc_bdy5.c:8995 Invalid protocol type = 512 in ccFillRhostname00074(00387),00000(00000) 0x00000020 01-07 06:14:26.908 17450: ../cc_bdy5.c:9094 Invalid protocol type = 512 in ccFillTopRouteHdr00074(00387),00000(00000) 0x00000020 01-07 06:14:26.908 17450: ../cc_bdy5.c:34872 Entering ccFillSipCPC
00075(00387),00000(00000) 0x00000020 01-07 06:14:26.908 17450: ../cc_bdy5.c:34933 Invalid protocol type = 512
00075(00387),00000(00000) 0x00000020 01-07 06:14:26.908 17450: ../cc_bdy5.c:35753 Entering ccFillRBWFInfo
00076(00387),00000(00000) 0x00000020 01-07 06:14:26.908 17450: ../cc_bdy5.c:36717 ccFillSpecialCall():: *pspecialCall = 0
00077(00387),00000(00000) 0x00000020 01-07 06:14:26.908 17450: ../cc_bdy5.c:36301 Entering ccFillUriType
00078(00387),00000(00000) 0x00000020 01-07 06:14:26.908 17450: ../cc_bdy5.c:37518 Entering ccFillDynamicRouting
00079(00387),00000(00000) 0x00000020 01-07 06:14:26.908 17450: ../cc_bdy5.c:37530 icProtType=512
00080(00387),00000(00000) 0x00000020 01-07 06:14:26.908 17450: ../cc_bdy5.c:37587 Entering ccFillPartialDigits
00081(00387),00000(00000) 0x00000020 01-07 06:14:26.908 17450: ../cc_bdy5.c:37666 Entering ccFillSipTermTgrp
00081(00387),00000(00000) 0x00000020 01-07 06:14:26.908 17450: ../cc_bdy5.c:37717 Invalid protocol type = 512
00082(00387),00000(00000) 0x00000020 01-07 06:14:26.908 17450: ../cc_bdy5.c:37743 Entering ccFillSipTermTrunkCtxt
00083(00387),00000(00000) 0x00000020 01-07 06:14:26.908 17450: ../cc_bdy5.c:37799 Invalid protocol type = 512
00084(00387),00000(00000) 0x00000020 01-07 06:14:26.908 17450: ../cc_bdy5.c:37822 Entering ccFillSipOrigTgrp
00084(00387),00000(00000) 0x00000020 01-07 06:14:26.908 17450: ../cc_bdy5.c:37858 Invalid protocol type = 512
00085(00387),00000(00000) 0x00000020 01-07 06:14:26.908 17450: ../cc_bdy5.c:37881 Entering ccFillSipOrigTrunkCtxt
00085(00387),00000(00000) 0x00000020 01-07 06:14:26.908 17450: ../cc_bdy5.c:37919 Invalid protocol type = 512
00085(00387),00000(00000) 0x00000020 01-07 06:14:26.908 17450: ../cc_bdy5.c:39879 Entered ccFillUseInterMgcSip  protType=512, glInterMgcSipTgExists 0
00086(00387),00000(00000) 0x00000020 01-07 06:14:26.908 17450: ../cc_bdy5.c:39890 ccFillUseInterMgcSip useInterMgcSip 0
00087(00387),00000(00000) 0x00000020 01-07 06:14:26.908 17450: ../cc_bdy5.c:39938 ccFillDontUseInterMgc dontUseInterMgc 0
00088(00387),00000(00000) 0x00000020 01-07 06:14:26.908 17450: ../cc_bdy5.c:38876 enter ccFillRdnHostName
00089(00387),00000(00000) 0x00000020 01-07 06:14:26.908 17450: ../cc_bdy5.c:38897 ccFillRdnHostName invalid protocol type 512
00089(00387),00000(00000) 0x00000020 01-07 06:14:26.908 17450: ../cc_lib.c:43366 CCFSM: State: 1->37, icSu:0x00000032, ogSu:0x00000033
00090(00387),00000(00000) 0x00000020 01-07 06:14:26.908 17450: ../cc_lib.c:22702 ccChangeCallStateOfAssociatedCalls:44, 0
00090(00387),00000(00000) 0x00000020 01-07 06:14:26.908 17450: ../cc_lib.c:22769 ccChangeCallStateOfAssociatedCalls: skip bcm! bcm = 0xf6e02a1c
00075(00387),00000(00000) 0x00000020 01-07 06:14:26.908 17450: ../cc_lib.c:43373 ccSendOrSkipInfoCollected - end:ainInfo.CdPtyNmb:(eh.pres,nmbDig.pres,nmbDig.len,nmbDig.val):(0,0,0,)
00075(00387),00000(00000) 0x00000020 01-07 06:14:26.908 17450: ../in_bdy1.c:10409 [Q931]:Exiting InLiDatDatInd: msgIdx = 5, ntc = bd7c41c4
00024(00387),00000(00000) 0x00000020 01-07 06:14:26.908 17450: ../cc_bdy5.c:17108 Received AnalyzeRoute from FIC, TransID=44
00024(00387),00000(00000) 0x00000020 01-07 06:14:26.908 17450: ../cc_bdy5.c:16571 ccFindBCMFromTransId  TransactionId = 44
00024(00387),00000(00000) 0x00000020 01-07 06:14:26.908 17450: ../cc_bdy2.c:18066 CCFSM: EXT:E37S37, dir:1, icSp:0x00000022, icSu:0x00000032, ogSp:0x00000000, ogSu:0x00000033, icEvntType:00
00024(00387),00000(00000) 0x00000020 01-07 06:14:26.908 17450: ../cc_lib.c:22903 ccRestoreCallStateOfAssociatedCalls:44, 0
00024(00387),00000(00000) 0x00000020 01-07 06:14:26.908 17450: ../cc_lib.c:22975 ccRestoreCallStateOfAssociatedCalls: skip bcm! bcm = 0xf6e02a1c
00024(00387),00000(00000) 0x00000020 01-07 06:14:26.908 17450: ../cc_bdy2.c:45657 ccConE37S37: 0x32
00024(00387),00000(00000) 0x00000020 01-07 06:14:26.908 17450: ../cc_bdy4.c:19050  Entered ccRestoreEvntHold 
00024(00387),00000(00000) 0x00000020 01-07 06:14:26.908 17450: ../cc_bdy4.c:19056  No need to Restore EvntHold 
00024(00387),00000(00000) 0x00000020 01-07 06:14:26.908 17450: ../cc_bdy5.c:4303 Extract AnalyzeRoute
00024(00387),00000(00000) 0x00000020 01-07 06:14:26.908 17450: ../cc_bdy5.c:35866 ccExtractLiInfo
00024(00387),00000(00000) 0x00000020 01-07 06:14:26.908 17450: ../cc_bdy5.c:35871 icLiInfo[0].pres 0, icLiInfo[1].pres 0,ogLiInfo.pres 0
00025(00387),00000(00000) 0x00000020 01-07 06:14:26.908 17450: ../cc_bdy5.c:12099 ccExtractChrgPrtySType - WARNING! FcChrgPrtySType NOT PRSNT
00025(00387),00000(00000) 0x00000020 01-07 06:14:26.908 17450: ../cc_bdy5.c:12137 Extracting ChrgPrtySType for ISDN
00025(00387),00000(00000) 0x00000020 01-07 06:14:26.908 17450: ../cc_bdy5.c:12155 Charge Party Station Type is not PRESENT 
00025(00387),00000(00000) 0x00000020 01-07 06:14:26.908 17450: ../cc_bdy5.c:13461 Extracting redirInfo
00026(00387),00000(00000) 0x00000020 01-07 06:14:26.908 17450: ../cc_bdy5.c:13535 RedirInfo for ISDN is stored in con->ainInfo.redirInfo
00026(00387),00000(00000) 0x00000020 01-07 06:14:26.908 17450: ../cc_bdy5.c:12372 Already done
00026(00387),00000(00000) 0x00000020 01-07 06:14:26.908 17450: ../cc_bdy5.c:12460 pCdPrtyId->nmbPlanId.pres=1,val=1
00026(00387),00000(00000) 0x00000020 01-07 06:14:26.908 17450: ../cc_bdy5.c:12463 pCdPrtyId->typeNmb0.pres=1,val=2
00026(00387),00000(00000) 0x00000020 01-07 06:14:26.908 17450: ../cc_bdy5.c:12464 pCdPrtyId->nmbDigits.val: 2093670
00027(00387),00000(00000) 0x00000020 01-07 06:14:26.908 17450: ../cc_bdy5.c:12465 Hence storing it into ainInfo
00027(00387),00000(00000) 0x00000020 01-07 06:14:26.908 17450: ../cc_bdy5.c:12600 inCdPtyNum.nmbPlanId=1, inCdPtyNum.typeNmb0=2
00027(00387),00000(00000) 0x00000020 01-07 06:14:26.908 17450: ../cc_bdy4.c:17027 calledNum->nmbDigits.val: 2093670
00027(00387),00000(00000) 0x00000020 01-07 06:14:26.908 17450: ../cc_bdy5.c:13626 pGenAddrList->listLength = 0
00027(00387),00000(00000) 0x00000020 01-07 06:14:26.908 17450: ../cc_bdy5.c:13630  Removing GenAddr from AinInfo
00028(00387),00000(00000) 0x00000020 01-07 06:14:26.908 17450: ../cc_bdy5.c:13802 ccExtractGenDgtsList: null list.
00029(00387),00000(00000) 0x00000020 01-07 06:14:26.908 17450: ../cc_bdy5.c:3795 Extracting fwdCallInd..mbit is reset
00030(00387),00000(00000) 0x00000020 01-07 06:14:26.908 17450: ../cc_bdy5.c:11926 Extracting UpCgPrtyId for ISDN
00031(00387),00000(00000) 0x00000020 01-07 06:14:26.908 17450: ../cc_bdy5.c:12995 MdpTrunkGroup is not present
00032(00387),00000(00000) 0x00000020 01-07 06:14:26.908 17450: ../cc_bdy5.c:14600 JurisInfo Not Present
00032(00387),00000(00000) 0x00000020 01-07 06:14:26.908 17450: ../cc_bdy5.c:14022 Extracting Generic Name 
00033(00387),00000(00000) 0x00000020 01-07 06:14:26.908 17450: ../cc_bdy5.c:14026 Is Generic Name Present :0 
00033(00387),00000(00000) 0x00000020 01-07 06:14:26.908 17450: ../cc_bdy5.c:14029 Extracting genName into con->genName 
00033(00387),00000(00000) 0x00000020 01-07 06:14:26.908 17450: ../cc_bdy5.c:12686 ccExtractDialedDigits: telicaCDR_extention.dialedNmb is already present 2093670
00033(00387),00000(00000) 0x00000020 01-07 06:14:26.908 17450: ../cc_bdy5.c:4820 Extract Treatment
00033(00387),00000(00000) 0x00000020 01-07 06:14:26.908 17450: ../cc_bdy5.c:14703 ccExtractRouteList: icSu:50, ogSu:51, transId:44, bcmType:0, numIntfcs:1
00033(00387),00000(00000) 0x00000020 01-07 06:14:26.908 17450: ../cc_lib.c:25458 ccInitRouteEvnt:icSu:50, ogSu:51, suCtxId: 0, icTransId:44
00033(00387),00000(00000) 0x00000020 01-07 06:14:26.908 17450: ../cc_bdy5.c:14710 kavon con->routeEvnt is NULLP
00032(00387),00000(00000) 0x00000020 01-07 06:14:26.908 17450: ../cc_bdy5.c:14762 infoBits:0
00032(00387),00000(00000) 0x00000020 01-07 06:14:26.908 17450: ../cc_bdy5.c:14766 intFlags:0
00033(00387),00000(00000) 0x00000020 01-07 06:14:26.908 17450: ../cc_bdy5.c:14767 1 routes in route list00033(00387),00000(00000) 0x00000020 01-07 06:14:26.908 17450: ../cc_bdy5.c:14771 ainFlag:0
00032(00387),00000(00000) 0x00000020 01-07 06:14:26.908 17450: ../cc_bdy5.c:14773 routeIdx:0
00032(00387),00000(00000) 0x00000020 01-07 06:14:26.908 17450: ../cc_bdy5.c:14777 routeIdxInRL:0
00031(00387),00000(00000) 0x00000020 01-07 06:14:26.908 17450: ../cc_bdy5.c:14866 0 route is 3670 type 514 ccsid 1
00031(00387),00000(00000) 0x00000020 01-07 06:14:26.908 17450: ../cc_bdy5.c:14879 ccExtractRouteList: mgwAdvance:0, numMgwInfo:0
00031(00387),00000(00000) 0x00000020 01-07 06:14:26.908 17450: ../cc_bdy5.c:14909 ccExtractRouteList: ingLstEgrMaxBw mgIndex:0, pres:0, val:0, mgStatus:0 
00031(00387),00000(00000) 0x00000020 01-07 06:14:26.908 17450: ../cc_bdy5.c:14909 ccExtractRouteList: ingLstEgrMaxBw mgIndex:1, pres:0, val:0, mgStatus:0 
00031(00387),00000(00000) 0x00000020 01-07 06:14:26.908 17450: ../cc_bdy5.c:14909 ccExtractRouteList: ingLstEgrMaxBw mgIndex:2, pres:0, val:0, mgStatus:0 
00031(00387),00000(00000) 0x00000020 01-07 06:14:26.908 17450: ../cc_bdy5.c:14909 ccExtractRouteList: ingLstEgrMaxBw mgIndex:3, pres:0, val:0, mgStatus:0 
00031(00387),00000(00000) 0x00000020 01-07 06:14:26.908 17450: ../cc_bdy5.c:14909 ccExtractRouteList: ingLstEgrMaxBw mgIndex:4, pres:0, val:0, mgStatus:0 
00031(00387),00000(00000) 0x00000020 01-07 06:14:26.908 17450: ../cc_bdy5.c:14941 ccExtractRouteList:
listMgScreened = 0, locaMgScreened = 0
index: 0, swtchComCodec: 0
index: 0, egressRealm: 0
index: 0, maxBw.pres: 0, maxBw:0
index: 0, localMaxBw.pres: 0, localMaxBw: 0
00031(00387),00000(00000) 0x00000020 01-07 06:14:26.908 17450: ../cc_bdy5.c:32114 Entered ccExtractTmpRegs 
00031(00387),00000(00000) 0x00000020 01-07 06:14:26.908 17450: ../cc_bdy5.c:2897 ccExtractAddrInd():: con->routeInfo->addrInd = 0
00031(00387),00000(00000) 0x00000020 01-07 06:14:26.908 17450: ../cc_bdy5.c:3577  con->carrierSelection is being DLTD
00031(00387),00000(00000) 0x00000020 01-07 06:14:26.908 17450: ../cc_bdy5.c:12763  Carrier present/NOT, pCarrier->eh.pres =0
00031(00387),00000(00000) 0x00000020 01-07 06:14:26.908 17450: ../cc_bdy5.c:2949 ccExtractPortedInCallFlag():: bcm->con->ainInfo.portedInCallFlag = 0
00031(00387),00000(00000) 0x00000020 01-07 06:14:26.908 17450: ../cc_bdy5.c:2957 ccExtractNotOwnLRN():: bcm->con->ainInfo.notOwnLRN = 0
00031(00387),00000(00000) 0x00000020 01-07 06:14:26.908 17450: ../cc_bdy5.c:2913 ccExtractLccId():: con->lccId = 
00031(00387),00000(00000) 0x00000020 01-07 06:14:26.909 17450: ../cc_bdy5.c:3016 pAinBillInfo->numRecords:0
00031(00387),00000(00000) 0x00000020 01-07 06:14:26.909 17450: ../cc_bdy5.c:11053 before update, BCMTYPE:0
00031(00387),00000(00000) 0x00000020 01-07 06:14:26.909 17450: ../cc_bdy5.c:11056 icBcm.nel[0], 0
00031(00387),00000(00000) 0x00000020 01-07 06:14:26.909 17450: ../cc_bdy5.c:11056 icBcm.nel[1], 0
00032(00387),00000(00000) 0x00000020 01-07 06:14:26.909 17450: ../cc_bdy5.c:11056 icBcm.nel[2], 0
00033(00387),00000(00000) 0x00000020 01-07 06:14:26.909 17450: ../cc_bdy5.c:11056 icBcm.nel[3], 0
00034(00387),00000(00000) 0x00000020 01-07 06:14:26.909 17450: ../cc_bdy5.c:11056 icBcm.nel[4], 0
00034(00387),00000(00000) 0x00000020 01-07 06:14:26.909 17450: ../cc_bdy5.c:11056 icBcm.nel[5], 0
00035(00387),00000(00000) 0x00000020 01-07 06:14:26.909 17450: ../cc_bdy5.c:11056 icBcm.nel[6], 0
00035(00387),00000(00000) 0x00000020 01-07 06:14:26.909 17450: ../cc_bdy5.c:11056 icBcm.nel[7], 0
00035(00387),00000(00000) 0x00000020 01-07 06:14:26.909 17450: ../cc_bdy5.c:11056 icBcm.nel[8], 0
00035(00387),00000(00000) 0x00000020 01-07 06:14:26.909 17450: ../cc_bdy5.c:11056 icBcm.nel[9], 0
00036(00387),00000(00000) 0x00000020 01-07 06:14:26.909 17450: ../cc_bdy5.c:11056 icBcm.nel[10], 0
00036(00387),00000(00000) 0x00000020 01-07 06:14:26.909 17450: ../cc_bdy5.c:11056 icBcm.nel[11], 0
00036(00387),00000(00000) 0x00000020 01-07 06:14:26.909 17450: ../cc_bdy5.c:11056 icBcm.nel[12], 0
00037(00387),00000(00000) 0x00000020 01-07 06:14:26.909 17450: ../cc_bdy5.c:11056 icBcm.nel[13], 0
00037(00387),00000(00000) 0x00000020 01-07 06:14:26.909 17450: ../cc_bdy5.c:11056 icBcm.nel[14], 0
00037(00387),00000(00000) 0x00000020 01-07 06:14:26.909 17450: ../cc_bdy5.c:11056 icBcm.nel[15], 0
00037(00387),00000(00000) 0x00000020 01-07 06:14:26.909 17450: ../cc_bdy5.c:11056 icBcm.nel[16], 0
00038(00387),00000(00000) 0x00000020 01-07 06:14:26.909 17450: ../cc_bdy5.c:11056 icBcm.nel[17], 0
00038(00387),00000(00000) 0x00000020 01-07 06:14:26.909 17450: ../cc_bdy5.c:11056 icBcm.nel[18], 0
00038(00387),00000(00000) 0x00000020 01-07 06:14:26.909 17450: ../cc_bdy5.c:11056 icBcm.nel[19], 0
00038(00387),00000(00000) 0x00000020 01-07 06:14:26.909 17450: ../cc_bdy5.c:11056 icBcm.nel[20], 0
00038(00387),00000(00000) 0x00000020 01-07 06:14:26.909 17450: ../cc_bdy5.c:11056 icBcm.nel[21], 0
00038(00387),00000(00000) 0x00000020 01-07 06:14:26.909 17450: ../cc_bdy5.c:11056 icBcm.nel[22], 0
00039(00387),00000(00000) 0x00000020 01-07 06:14:26.909 17450: ../cc_bdy5.c:11056 icBcm.nel[23], 0
00039(00387),00000(00000) 0x00000020 01-07 06:14:26.909 17450: ../cc_bdy5.c:11056 icBcm.nel[24], 0
00039(00387),00000(00000) 0x00000020 01-07 06:14:26.909 17450: ../cc_bdy5.c:11056 icBcm.nel[25], 0
00040(00387),00000(00000) 0x00000020 01-07 06:14:26.909 17450: ../cc_bdy5.c:11056 icBcm.nel[26], 0
00040(00387),00000(00000) 0x00000020 01-07 06:14:26.909 17450: ../cc_bdy5.c:11056 icBcm.nel[27], 0
00040(00387),00000(00000) 0x00000020 01-07 06:14:26.909 17450: ../cc_bdy5.c:11056 icBcm.nel[28], 0
00041(00387),00000(00000) 0x00000020 01-07 06:14:26.909 17450: ../cc_bdy5.c:11056 icBcm.nel[29], 0
00041(00387),00000(00000) 0x00000020 01-07 06:14:26.909 17450: ../cc_bdy5.c:11056 icBcm.nel[30], 0
00041(00387),00000(00000) 0x00000020 01-07 06:14:26.909 17450: ../cc_bdy5.c:11056 icBcm.nel[31], 0
00042(00387),00000(00000) 0x00000020 01-07 06:14:26.909 17450: ../cc_bdy5.c:11056 icBcm.nel[32], 0
00042(00387),00000(00000) 0x00000020 01-07 06:14:26.909 17450: ../cc_bdy5.c:11062 Extracting pReqRepBCMEvnt->edpNot
00042(00387),00000(00000) 0x00000020 01-07 06:14:26.909 17450: ../cc_bdy5.c:11235 BCMTYPE:0
00043(00387),00000(00000) 0x00000020 01-07 06:14:26.909 17450: ../cc_bdy5.c:11238 icBcm.nel[0], 0
00042(00387),00000(00000) 0x00000020 01-07 06:14:26.909 17450: ../cc_bdy5.c:11238 icBcm.nel[1], 0
00043(00387),00000(00000) 0x00000020 01-07 06:14:26.909 17450: ../cc_bdy5.c:11238 icBcm.nel[2], 0
00043(00387),00000(00000) 0x00000020 01-07 06:14:26.909 17450: ../cc_bdy5.c:11238 icBcm.nel[3], 2
00043(00387),00000(00000) 0x00000020 01-07 06:14:26.909 17450: ../cc_bdy5.c:11238 icBcm.nel[4], 0
00044(00387),00000(00000) 0x00000020 01-07 06:14:26.909 17450: ../cc_bdy5.c:11238 icBcm.nel[5], 0
00044(00387),00000(00000) 0x00000020 01-07 06:14:26.909 17450: ../cc_bdy5.c:11238 icBcm.nel[6], 0
00044(00387),00000(00000) 0x00000020 01-07 06:14:26.909 17450: ../cc_bdy5.c:11238 icBcm.nel[7], 0
00044(00387),00000(00000) 0x00000020 01-07 06:14:26.909 17450: ../cc_bdy5.c:11238 icBcm.nel[8], 0
00044(00387),00000(00000) 0x00000020 01-07 06:14:26.909 17450: ../cc_bdy5.c:11238 icBcm.nel[9], 0
00045(00387),00000(00000) 0x00000020 01-07 06:14:26.909 17450: ../cc_bdy5.c:11238 icBcm.nel[10], 0
00045(00387),00000(00000) 0x00000020 01-07 06:14:26.909 17450: ../cc_bdy5.c:11238 icBcm.nel[11], 0
00045(00387),00000(00000) 0x00000020 01-07 06:14:26.909 17450: ../cc_bdy5.c:11238 icBcm.nel[12], 0
00046(00387),00000(00000) 0x00000020 01-07 06:14:26.909 17450: ../cc_bdy5.c:11238 icBcm.nel[13], 0
00046(00387),00000(00000) 0x00000020 01-07 06:14:26.909 17450: ../cc_bdy5.c:11238 icBcm.nel[14], 0
00047(00387),00000(00000) 0x00000020 01-07 06:14:26.909 17450: ../cc_bdy5.c:11238 icBcm.nel[15], 0
00048(00387),00000(00000) 0x00000020 01-07 06:14:26.909 17450: ../cc_bdy5.c:11238 icBcm.nel[16], 0
00049(00387),00000(00000) 0x00000020 01-07 06:14:26.909 17450: ../cc_bdy5.c:11238 icBcm.nel[17], 0
00049(00387),00000(00000) 0x00000020 01-07 06:14:26.909 17450: ../cc_bdy5.c:11238 icBcm.nel[18], 0
00049(00387),00000(00000) 0x00000020 01-07 06:14:26.909 17450: ../cc_bdy5.c:11238 icBcm.nel[19], 0
00050(00387),00000(00000) 0x00000020 01-07 06:14:26.909 17450: ../cc_bdy5.c:11238 icBcm.nel[20], 0
00050(00387),00000(00000) 0x00000020 01-07 06:14:26.909 17450: ../cc_bdy5.c:11238 icBcm.nel[21], 0
00050(00387),00000(00000) 0x00000020 01-07 06:14:26.909 17450: ../cc_bdy5.c:11238 icBcm.nel[22], 0
00050(00387),00000(00000) 0x00000020 01-07 06:14:26.909 17450: ../cc_bdy5.c:11238 icBcm.nel[23], 0
00051(00387),00000(00000) 0x00000020 01-07 06:14:26.909 17450: ../cc_bdy5.c:11238 icBcm.nel[24], 0
00051(00387),00000(00000) 0x00000020 01-07 06:14:26.909 17450: ../cc_bdy5.c:11238 icBcm.nel[25], 0
00051(00387),00000(00000) 0x00000020 01-07 06:14:26.909 17450: ../cc_bdy5.c:11238 icBcm.nel[26], 0
00052(00387),00000(00000) 0x00000020 01-07 06:14:26.909 17450: ../cc_bdy5.c:11238 icBcm.nel[27], 0
00052(00387),00000(00000) 0x00000020 01-07 06:14:26.909 17450: ../cc_bdy5.c:11238 icBcm.nel[28], 0
00052(00387),00000(00000) 0x00000020 01-07 06:14:26.909 17450: ../cc_bdy5.c:11238 icBcm.nel[29], 0
00052(00387),00000(00000) 0x00000020 01-07 06:14:26.909 17450: ../cc_bdy5.c:11238 icBcm.nel[30], 0
00053(00387),00000(00000) 0x00000020 01-07 06:14:26.909 17450: ../cc_bdy5.c:11238 icBcm.nel[31], 0
00053(00387),00000(00000) 0x00000020 01-07 06:14:26.909 17450: ../cc_bdy5.c:11238 icBcm.nel[32], 0
00053(00387),00000(00000) 0x00000020 01-07 06:14:26.909 17450: ../cc_bdy5.c:14646 Entered ccExtractRptErrReq
00054(00387),00000(00000) 0x00000020 01-07 06:14:26.909 17450: ../cc_bdy5.c:14620 Entered ccExtractSndNotInv
00054(00387),00000(00000) 0x00000020 01-07 06:14:26.909 17450: ../cc_bdy5.c:2925 bcm->con->routeInfo->nmbrCategoryPres=1
00054(00387),00000(00000) 0x00000020 01-07 06:14:26.909 17450: ../cc_bdy5.c:2927 bcm->con->routeInfo->nmbrCategory = 30
00054(00387),00000(00000) 0x00000020 01-07 06:14:26.909 17450: ../cc_bdy5.c:4395 con->callDtlInfo.un.enumResult.result=0
00054(00387),00000(00000) 0x00000020 01-07 06:14:26.909 17450: ../cc_bdy5.c:3615 FcTrnstNtw pTrnstNtw->eh.pres NOT PRSNT
00054(00387),00000(00000) 0x00000020 01-07 06:14:26.909 17450: ../cc_bdy5.c:31800 Extract Ubuf original con->uBuf 0
00054(00387),00000(00000) 0x00000020 01-07 06:14:26.909 17450: ../cc_bdy5.c:31818 Extracted Ubuf 0 0
00054(00387),00000(00000) 0x00000020 01-07 06:14:26.909 17450: ../cc_bdy5.c:2965 ccExtractLnpVarifySub():: bcm->con->ainInfo.lnpVarifySub = 0
00054(00387),00000(00000) 0x00000020 01-07 06:14:26.909 17450: ../cc_bdy5.c:33222 Invalid protocol=512 in ccExtractNpFci()
00054(00387),00000(00000) 0x00000020 01-07 06:14:26.909 17450: ../cc_bdy5.c:33569 Invalid protocol=512 in ccExtractQorCapInd()
00054(00387),00000(00000) 0x00000020 01-07 06:14:26.909 17450: ../cc_bdy5.c:33441 Invalid protocol=512 in ccExtractCdDirNum()
00055(00387),00000(00000) 0x00000020 01-07 06:14:26.909 17450: ../cc_bdy5.c:31889 ccExtractSdpPrflId: 
00055(00387),00000(00000) 0x00000020 01-07 06:14:26.909 17450: ../cc_bdy5.c:31909 ccExtractpCsCfAddrs: 
00055(00387),00000(00000) 0x00000020 01-07 06:14:26.909 17450: ../cc_bdy5.c:31936 ccExtractUUInfo: 
00055(00387),00000(00000) 0x00000020 01-07 06:14:26.909 17450: ../cc_bdy5.c:31959 ccExtractkeepGCCCallInfo: 
00055(00387),00000(00000) 0x00000020 01-07 06:14:26.909 17450: ../cc_bdy5.c:31967 Extracted keepGCCCallInfo 0 
00055(00387),00000(00000) 0x00000020 01-07 06:14:26.909 17450: ../cc_bdy5.c:31985 ccExtractPreAnsTimeout():: pPreAnsTimeout->pres = 0, con->ainInfo.preAnsTimeout = 0
00055(00387),00000(00000) 0x00000020 01-07 06:14:26.909 17450: ../cc_bdy5.c:33863 ccExtractInapBillInfo:Skip InapBillInfo.pres = 0
00055(00387),00000(00000) 0x00000020 01-07 06:14:26.909 17450: ../cc_bdy5.c:33875 ccExtractExtCallType: External Call type value from FIC 0
00055(00387),00000(00000) 0x00000020 01-07 06:14:26.909 17450: ../cc_bdy5.c:31662 ccExtractHomeCc: Extracting homeCc
00055(00387),00000(00000) 0x00000020 01-07 06:14:26.909 17450: ../cc_bdy5.c:31687 Extract homeCc from AR to con->tempAuthTerm->homeCc: bd7be30c
00055(00387),00000(00000) 0x00000020 01-07 06:14:26.909 17450: ../cc_bdy5.c:34027 ccExtractCfOccur: 
00056(00387),00000(00000) 0x00000020 01-07 06:14:26.909 17450: ../cc_bdy5.c:34031 Extracted cfOccur 0 
00056(00387),00000(00000) 0x00000020 01-07 06:14:26.909 17450: ../cc_bdy5.c:34128 ccExtractEnumQueryHostname()
00056(00387),00000(00000) 0x00000020 01-07 06:14:26.909 17450: ../cc_bdy5.c:34186 ccExtractEnumQueryResult()
00056(00387),00000(00000) 0x00000020 01-07 06:14:26.909 17450: ../cc_bdy5.c:34191 ccExtractEnumQueryResult() : EnumQuery Result = 0
00056(00387),00000(00000) 0x00000020 01-07 06:14:26.909 17450: ../cc_bdy5.c:40526 ccExtractEnumQueryDomain(),enumDomainId0
00056(00387),00000(00000) 0x00000020 01-07 06:14:26.909 17450: ../cc_bdy5.c:34845 ccExtractSCIOpt: 
00057(00387),00000(00000) 0x00000020 01-07 06:14:26.909 17450: ../cc_bdy5.c:34846 ccExtractSCIOpt: sciOpt 0 
00057(00387),00000(00000) 0x00000020 01-07 06:14:26.909 17450: ../cc_bdy5.c:35316 ccExtractCallInfoReq: 
00057(00387),00000(00000) 0x00000020 01-07 06:14:26.909 17450: ../cc_bdy5.c:34202 ccExtractIcMgwInfo()
00057(00387),00000(00000) 0x00000020 01-07 06:14:26.909 17450: ../cc_bdy5.c:34276 ccExtractIcCacInfo()
00057(00387),00000(00000) 0x00000020 01-07 06:14:26.909 17450: ../cc_bdy5.c:34330 ccExtractCacPrflInfo()
00058(00387),00000(00000) 0x00000020 01-07 06:14:26.909 17450: ../cc_bdy5.c:34947 Entering ccExtractSipCPC
00059(00387),00000(00000) 0x00000020 01-07 06:14:26.909 17450: ../cc_bdy5.c:35035 Invalid protocol type = 512
00059(00387),00000(00000) 0x00000020 01-07 06:14:26.909 17450: ../cc_bdy5.c:35810 Entering ccExtractRBWFInfo
00059(00387),00000(00000) 0x00000020 01-07 06:14:26.909 17450: ../cc_bdy5.c:35833 con->ogSipMethodSupMask:0 ainInfo.appInfo:0
00059(00387),00000(00000) 0x00000020 01-07 06:14:26.909 17450: ../cc_bdy5.c:36761 ccExtractSpecialCall():: con->specialCall = 0, CC_FLAG_HPCQ_AR=0
00060(00387),00000(00000) 0x00000020 01-07 06:14:26.909 17450: ../cc_bdy5.c:32013 ccExtractRelayMode: relayMode=0
00060(00387),00000(00000) 0x00000020 01-07 06:14:26.909 17450: ../cc_bdy5.c:31995 ccExtractU2uInd: 
00060(00387),00000(00000) 0x00000020 01-07 06:14:26.909 17450: ../cc_bdy5.c:3282 ccExtractSII
00060(00387),00000(00000) 0x00000020 01-07 06:14:26.909 17450: ../cc_bdy5.c:3314 ccExtractSII: Nothing to extract
00060(00387),00000(00000) 0x00000020 01-07 06:14:26.909 17450: ../cc_bdy5.c:12397 ccExtractAdOcdPrtyId
00061(00387),00000(00000) 0x00000020 01-07 06:14:26.909 17450: ../cc_bdy5.c:12418 ccExtractAdOcdPrtyId: Nothing to extract
00061(00387),00000(00000) 0x00000020 01-07 06:14:26.909 17450: ../cc_bdy5.c:35050 Entering ccExtractSipTermTgrp
00061(00387),00000(00000) 0x00000020 01-07 06:14:26.909 17450: ../cc_bdy5.c:35101 Invalid protocol type = 512
00061(00387),00000(00000) 0x00000020 01-07 06:14:26.909 17450: ../cc_bdy5.c:35113 Entering ccExtractSipTermTrunkCtxt
00062(00387),00000(00000) 0x00000020 01-07 06:14:26.909 17450: ../cc_bdy5.c:35164 Invalid protocol type = 512
00062(00387),00000(00000) 0x00000020 01-07 06:14:26.909 17450: ../cc_bdy5.c:35177 Entering ccExtractSipOrigTgrp
00062(00387),00000(00000) 0x00000020 01-07 06:14:26.909 17450: ../cc_bdy5.c:35228 Invalid protocol type = 512
00062(00387),00000(00000) 0x00000020 01-07 06:14:26.909 17450: ../cc_bdy5.c:35240 Entering ccExtractSipOrigTrunkCtxt
00062(00387),00000(00000) 0x00000020 01-07 06:14:26.909 17450: ../cc_bdy5.c:35291 Invalid protocol type = 512
00062(00387),00000(00000) 0x00000020 01-07 06:14:26.909 17450: ../cc_bdy5.c:2875 Started to Extract SvcHeader
00063(00387),00000(00000) 0x00000020 01-07 06:14:26.909 17450: ../cc_bdy5.c:2878 pHeader->suTransId =44
00063(00387),00000(00000) 0x00000020 01-07 06:14:26.909 17450: ../cc_bdy5.c:20891 ccPostCallForwardProcessingAPI
00062(00387),00000(00000) 0x00000020 01-07 06:14:26.909 17450: ../cc_ptli.c:2006 CcLiCctRscRsp::suConnId=32
00059(00387),00000(00000) 0x00000020 01-07 06:14:26.909 17450: ../cc_lib.c:30480 ccCheckForInterfaces: icSu:50, ogSu:51
00059(00387),00000(00000) 0x00000020 01-07 06:14:26.909 17450: ../cc_lib.c:30492 More Interfaces left in the list numOfOgIntf = 1, currentIntf = 0, icSu = 50, ogSu = 51
00059(00387),00000(00000) 0x00000020 01-07 06:14:26.909 17450: ../cc_bdy2.c:60819 ccRouteCall:icSu:50, ogSu:51, suCtxId = 0, icTransId:44, mgwAdvance 0
00059(00387),00000(00000) 0x00000020 01-07 06:14:26.909 17450: ../cc_bdy2.c:60850 ccRouteCall: CC_GR_OVRFLW_PRES_AND_UNANCHORED 0, con->routeEvnt->numOfOgInterfaces 1, con->routeEvnt->currentInterface 0, CC_EGRESS_INTER_CCS_CALL 0
00059(00387),00000(00000) 0x00000020 01-07 06:14:26.909 17450: ../cc_bdy2.c:60888 ccRouteCall: not unanchored and GR OVRFLW PRES and using last interface
00059(00387),00000(00000) 0x00000020 01-07 06:14:26.909 17450: ../cc_bdy4.c:19050  Entered ccRestoreEvntHold 
00059(00387),00000(00000) 0x00000020 01-07 06:14:26.909 17450: ../cc_bdy4.c:19056  No need to Restore EvntHold 
00059(00387),00000(00000) 0x00000020 01-07 06:14:26.909 17450: ../cc_lib.c:16672 ccCleanUpOGForReRoute: 51
00060(00387),00000(00000) 0x00000020 01-07 06:14:26.909 17450: ../cc_bdy5.c:20351 Entering ccCloseTBcmTransaction
00060(00387),00000(00000) 0x00000020 01-07 06:14:26.909 17450: ../cc_bdy5.c:20429  Entry from ccogBCMInsTbl deleted already
00059(00387),00000(00000) 0x00000020 01-07 06:14:26.909 17450: ../cc_lib.c:74716 Enetering ccGetNewVarSipCallId!
00057(00387),00000(00000) 0x00000020 01-07 06:14:26.909 17450: ../cc_bdy4.c:15635 Call-Id (len 82):033310A-547619C2y1pEJjKbcmn7r95rY2bCzUE0WxltsbeqC6vMPFnrraYjJraiTNlS7pgr04lSF1JH0A
00057(00387),00000(00000) 0x00000020 01-07 06:14:26.909 17450: ../cc_lib.c:74753 ccGetNewVarSipCallId:sipId:033310A-547619C2y1pEJjKbcmn7r95rY2bCzUE0WxltsbeqC6vMPFnrraYjJraiTNlS7pgr04lSF1JH0A
00056(00387),00000(00000) 0x00000020 01-07 06:14:26.909 17450: ../cc_li_sm.c:1377 ccFreeLi:
00056(00387),00000(00000) 0x00000020 01-07 06:14:26.909 17450: ../cc_lib.c:16954 OFFANS: icSu:0x00000032, ogSu:0x00000033, st:0, subSt:0, meth:0
00056(00387),00000(00000) 0x00000020 01-07 06:14:26.909 17450: ../cc_lib.c:46062 ccRegisterEgressInterCcsCall icSu = 0x32, ogSu = 0x33, transId = 0x0
00056(00387),00000(00000) 0x00000020 01-07 06:14:26.909 17450: ../cc_bdy2.c:61138 Sending RscReq:icSu:50, numOfOgInterfaces:1currentInterface:0, inter-ccs:0
00056(00387),00000(00000) 0x00000020 01-07 06:14:26.909 17450: ../cc_lib.c:70476 ccTg null, possible non trkgrp:icIntfType:0x20000057(00387),00000(00000) 0x00000020 01-07 06:14:26.909 17450: ../cc_lib.c:70486 ccTg null, possible non trkgrp:ogIntfType:0x20000057(00387),00000(00000) 0x00000020 01-07 06:14:26.909 17450: ../cc_lib.c:70493 ccFillRealmIdFromtgAtt: 
00056(00387),00000(00000) 0x00000020 01-07 06:14:26.909 17450: ../cc_lib.c:70578 ccFillRealmIdFromtgAtt: tg.ingressRealm:0x0, cdr.ingressRealm:0x0, tg.egressRealm:0x0, cdr.egressRealm:0x0, icProt:0x202, ogProtType:0x0, ingressInterCcs:0, egressInterCcs:0, realmFromRs:0x0
00056(00387),00000(00000) 0x00000020 01-07 06:14:26.909 17450: ../cc_bdy4.c:17027 calledNum->nmbDigits.val: 2093670
00056(00387),00000(00000) 0x00000020 01-07 06:14:26.909 17450: ../cc_bdy2.c:61181 CCFSM: State:37-> 4, icSu:0x00000032, ogSu:0x00000033
00056(00387),00000(00000) 0x00000020 01-07 06:14:26.909 17450: ../cc_lib.c:25157 ccCheckForCallOnHold:50
00056(00387),00000(00000) 0x00000020 01-07 06:14:26.909 17450: ../cc_lib.c:25178 Two Party Call:44, 50, 1
00056(00387),00000(00000) 0x00000020 01-07 06:14:26.909 17450: ../rm_bdy1.c:2322 kavon RmUiRmtAloc2WayPriReq:suConnId 51, AlocType 1, numOfOgRscs = 1
00056(00387),00000(00000) 0x00000020 01-07 06:14:26.909 17450: ../rm_bdy6.c:2162 kavon rsrc->rscPres = 0
00055(00387),00000(00000) 0x00000020 01-07 06:14:26.909 17450: ../rm_bdy6.c:2803 B-channel alloc failed 3670: mnt:29, cfg:30, free:0, precut: 0
00054(00387),00000(00000) 0x00000020 01-07 06:14:26.909 17450: ../cc_bdy2.c:18066 CCFSM: EXT:E09S04, dir:1, icSp:0x00000022, icSu:0x00000032, ogSp:0x00000000, ogSu:0x00000033, icEvntType:00
00054(00387),00000(00000) 0x00000020 01-07 06:14:26.909 17450: ../cc_lib.c:21320 ccIsIPResource:0,44
00054(00387),00000(00000) 0x00000020 01-07 06:14:26.909 17450: ../cc_lib.c:21329 Protocol:512
00054(00387),00000(00000) 0x00000020 01-07 06:14:26.909 17450: ../cc_lib.c:21320 ccIsIPResource:9,0
00055(00387),00000(00000) 0x00000020 01-07 06:14:26.909 17450: ../cc_lib.c:21329 Protocol:512
00055(00387),00000(00000) 0x00000020 01-07 06:14:26.909 17450: ../cc_lib.c:53427 ccFillConPropDelayVal - Propagation Delay Value set in ConBlock = 0
00055(00387),00000(00000) 0x00000020 01-07 06:14:26.909 17450: ../cc_bdy4.c:19050  Entered ccRestoreEvntHold 
00055(00387),00000(00000) 0x00000020 01-07 06:14:26.909 17450: ../cc_bdy4.c:19056  No need to Restore EvntHold 
00055(00387),00000(00000) 0x00000020 01-07 06:14:26.909 17450: ../cc_bdy2.c:20283 ccConE09S04 - contChkInd.pres 0 val 0
00055(00387),00000(00000) 0x00000020 01-07 06:14:26.909 17450: ../cc_lib.c:30480 ccCheckForInterfaces: icSu:50, ogSu:51
00055(00387),00000(00000) 0x00000020 01-07 06:14:26.909 17450: ../cc_lib.c:30492 More Interfaces left in the list numOfOgIntf = 1, currentIntf = 0, icSu = 50, ogSu = 51
00056(00387),00000(00000) 0x00000020 01-07 06:14:26.909 17450: ../cc_lib.c:30480 ccCheckForInterfaces: icSu:50, ogSu:51
00056(00387),00000(00000) 0x00000020 01-07 06:14:26.909 17450: ../cc_lib.c:30492 More Interfaces left in the list numOfOgIntf = 1, currentIntf = 1, icSu = 50, ogSu = 51
00056(00387),00000(00000) 0x00000020 01-07 06:14:26.909 17450: ../cc_bdy2.c:20541 Need to detect NetworkBusy Event: 50
00056(00387),00000(00000) 0x00000020 01-07 06:14:26.909 17450: ../cc_bdy2.c:61258 ccProcessNetworkBusy:50, 51
00056(00387),00000(00000) 0x00000020 01-07 06:14:26.909 17450: ../cc_bdy2.c:61294 NetwortBusy event not armed:50, 51
00056(00387),00000(00000) 0x00000020 01-07 06:14:26.909 17450: ../cc_bdy2.c:20568 Network Busy Not Armed: 50
00056(00387),00000(00000) 0x00000020 01-07 06:14:26.909 17450: ../cc_bdy4.c:12460 ccConTmrEv:Stop: tmr = 36, icSuConnId = 50, ogSuConnId = 51
00056(00387),00000(00000) 0x00000020 01-07 06:14:26.909 17450: ../cc_lib.c:43411 ccSendOrSkipTerminationAttempt icSu = 0x32, ogSu = 0x33, transId = 0x0
00056(00387),00000(00000) 0x00000020 01-07 06:14:26.909 17450: ../cc_bdy2.c:63670 ccProcessONoAnswer:44,50,5
00056(00387),00000(00000) 0x00000020 01-07 06:14:26.909 17450: ../cc_bdy2.c:63696 EReqONoAnswer event is NOT ARMED: 50
00056(00387),00000(00000) 0x00000020 01-07 06:14:26.909 17450: ../cc_lib.c:43427 con->icBcm.cc->ccId=1
00056(00387),00000(00000) 0x00000020 01-07 06:14:26.909 17450: ../cc_bdy5.c:16470 TransactionID = 45
00057(00387),00000(00000) 0x00000020 01-07 06:14:26.909 17450: ../cc_bdy5.c:16633 ccFillBCMInfo TransId=45, ccId=3, pic=11
00058(00387),00000(00000) 0x00000020 01-07 06:14:26.909 17450: ../cc_bdy5.c:16648 Allocating memory for pBcm->cc in bcmType = 1
00058(00387),00000(00000) 0x00000020 01-07 06:14:26.909 17450: ../cc_lib.c:43463 Updatated ogBcm.cc.legId, call Config need not be updated
00058(00387),00000(00000) 0x00000020 01-07 06:14:26.909 17450: ../cc_bdy5.c:1056 Filling SvcHeader for msgType = 17 captIndex 0
00058(00387),00000(00000) 0x00000020 01-07 06:14:26.909 17450: ../cc_bdy5.c:1061 pHeader->spTransId = 45, pHeader->suTransId = 0
00059(00387),00000(00000) 0x00000020 01-07 06:14:26.909 17450: ../cc_bdy5.c:1618 Fill TermAttempt
00059(00387),00000(00000) 0x00000020 01-07 06:14:26.909 17450: ../cc_bdy5.c:5651 pUsrId->protVarType = 514
00059(00387),00000(00000) 0x00000020 01-07 06:14:26.909 17450: ../cc_bdy5.c:5652 pUsrId->protType = 2
00059(00387),00000(00000) 0x00000020 01-07 06:14:26.909 17450: ../cc_bdy5.c:5699 pUsrId->u.sub.intfcId.pres = 1,pUsrId->u.sub.intfcId.val = 3670
00059(00387),00000(00000) 0x00000020 01-07 06:14:26.909 17450: ../cc_bdy5.c:5704  Cannot fill pUsrId->u.sub.dn For ISDN
00060(00387),00000(00000) 0x00000020 01-07 06:14:26.909 17450: ../cc_bdy5.c:5996 ccFillBCap
00060(00387),00000(00000) 0x00000020 01-07 06:14:26.909 17450: ../cc_bdy5.c:6316 Filled ISDN infoTranCap:pres1,val:1
00060(00387),00000(00000) 0x00000020 01-07 06:14:26.909 17450: ../cc_bdy5.c:6323 Filled ISDN codeStand0: 0
00061(00387),00000(00000) 0x00000020 01-07 06:14:26.909 17450: ../cc_bdy5.c:6330 Filled ISDN infoTranRate0: 16
00061(00387),00000(00000) 0x00000020 01-07 06:14:26.909 17450: ../cc_bdy5.c:6337 Filled ISDN tranMode: 0
00061(00387),00000(00000) 0x00000020 01-07 06:14:26.909 17450: ../cc_bdy5.c:6344 Filled ISDN usrInfoLyr1Prot: 3
00061(00387),00000(00000) 0x00000020 01-07 06:14:26.909 17450: ../cc_bdy5.c:8531 Filling ISDN CdPtyNmb in ccFillCdPrtyId for msgType = 17
00061(00387),00000(00000) 0x00000020 01-07 06:14:26.909 17450: ../cc_bdy5.c:8537 pCdPrtyId->nmbPlanId.pres=1,val=1
00062(00387),00000(00000) 0x00000020 01-07 06:14:26.909 17450: ../cc_bdy5.c:8540 pCdPrtyId->typeNmb0.pres=1,val=2
00062(00387),00000(00000) 0x00000020 01-07 06:14:26.909 17450: ../cc_bdy5.c:30727 Entered ccProcessDefValForCdPrtyId
00062(00387),00000(00000) 0x00000020 01-07 06:14:26.909 17450: ../cc_bdy5.c:30788 ccProcessDefValForCdPrtyId() Reached default 
00062(00387),00000(00000) 0x00000020 01-07 06:14:26.909 17450: ../cc_bdy5.c:9393 CdPrty station Type will not be filled by GCC
00062(00387),00000(00000) 0x00000020 01-07 06:14:26.909 17450: ../cc_bdy5.c:6614 NO Charge Num for ISDN
00063(00387),00000(00000) 0x00000020 01-07 06:14:26.909 17450: ../cc_bdy5.c:30388 Entered ccProcessDefValForChrgNmb
00063(00387),00000(00000) 0x00000020 01-07 06:14:26.909 17450: ../cc_bdy5.c:30449 ccProcessDefValForChrgNmb() Reached default 
00063(00387),00000(00000) 0x00000020 01-07 06:14:26.909 17450: ../cc_bdy5.c:7277 Filling chrgPrtySType for ISDN
00063(00387),00000(00000) 0x00000020 01-07 06:14:26.909 17450: ../cc_bdy5.c:30911 Entered ccProcessDefValForOLI
00063(00387),00000(00000) 0x00000020 01-07 06:14:26.909 17450: ../cc_bdy5.c:30972 ccProcessDefValForOLI() Reached default 
00063(00387),00000(00000) 0x00000020 01-07 06:14:26.909 17450: ../cc_bdy5.c:30642 Entered ccProcessDefValForCgPrtyId
00064(00387),00000(00000) 0x00000020 01-07 06:14:26.910 17450: ../cc_bdy5.c:30702 ccProcessDefValForCgPrtyId() Reached default 
00064(00387),00000(00000) 0x00000020 01-07 06:14:26.910 17450: ../cc_bdy5.c:7604 No Original Called Party Number for ISDN
00064(00387),00000(00000) 0x00000020 01-07 06:14:26.910 17450: ../cc_bdy5.c:32800 Entered ccProcessDefValForOCalledPrtyId
00064(00387),00000(00000) 0x00000020 01-07 06:14:26.910 17450: ../cc_bdy5.c:32859 ccProcessDefValForOCalledPrtyId() Reached default 
00064(00387),00000(00000) 0x00000020 01-07 06:14:26.910 17450: ../cc_bdy5.c:7812 Redirecting Party ID sent for ISDN
00065(00387),00000(00000) 0x00000020 01-07 06:14:26.910 17450: ../cc_bdy5.c:7839 No RedirPrtyId for ISDN 
00065(00387),00000(00000) 0x00000020 01-07 06:14:26.910 17450: ../cc_bdy5.c:32884 Entered ccProcessDefValForRedirPrtyId
00065(00387),00000(00000) 0x00000020 01-07 06:14:26.910 17450: ../cc_bdy5.c:32942 ccProcessDefValForRedirPrtyId() Reached default 
00066(00387),00000(00000) 0x00000020 01-07 06:14:26.910 17450: ../cc_bdy5.c:8200 No RedirInfo in con->ainInfo.redirInfo 
00066(00387),00000(00000) 0x00000020 01-07 06:14:26.910 17450: ../cc_bdy5.c:8263 Reached default
00066(00387),00000(00000) 0x00000020 01-07 06:14:26.910 17450: ../cc_bdy5.c:7936 Redirecting Nmb 1 sent for ISDN
00067(00387),00000(00000) 0x00000020 01-07 06:14:26.910 17450: ../cc_bdy5.c:8051 CgPtySad  sent for ISDN
00067(00387),00000(00000) 0x00000020 01-07 06:14:26.910 17450: ../cc_bdy5.c:9250 GenAddr is filled 
00067(00387),00000(00000) 0x00000020 01-07 06:14:26.910 17450: ../cc_bdy5.c:9189  ISDN Jurisdiction param is not filled
00067(00387),00000(00000) 0x00000020 01-07 06:14:26.910 17450: ../cc_bdy5.c:31270 Entered ccProcessDefValForJIP
00068(00387),00000(00000) 0x00000020 01-07 06:14:26.910 17450: ../cc_bdy5.c:31331 ccProcessDefValForJIP() Reached default 
00068(00387),00000(00000) 0x00000020 01-07 06:14:26.910 17450: ../cc_bdy5.c:32134 Entered ccFillTmpRegs 
00068(00387),00000(00000) 0x00000020 01-07 06:14:26.910 17450: ../cc_bdy5.c:9884 Filling CcId, val = 3 
00067(00387),00000(00000) 0x00000020 01-07 06:14:26.910 17450: ../cc_bdy5.c:31151 Entered ccProcessDefValForTNS
00067(00387),00000(00000) 0x00000020 01-07 06:14:26.910 17450: ../cc_bdy5.c:31245 ccProcessDefValForTNS() Reached default 
00067(00387),00000(00000) 0x00000020 01-07 06:14:26.910 17450: ../cc_bdy5.c:31357 Entered ccProcessDefValForCSI
00067(00387),00000(00000) 0x00000020 01-07 06:14:26.910 17450: ../cc_bdy5.c:31418 ccProcessDefValForCSI() Reached default 
00067(00387),00000(00000) 0x00000020 01-07 06:14:26.910 17450: ../cc_bdy5.c:8397 Not valid for CAS/ISDN/LCL_SWT_PROT protocol type :ccFillCarrier
00068(00387),00000(00000) 0x00000020 01-07 06:14:26.910 17450: ../cc_bdy5.c:31000 Entered ccProcessDefValForCIP
00068(00387),00000(00000) 0x00000020 01-07 06:14:26.910 17450: ../cc_bdy5.c:31123 ccProcessDefValForCIP() Reached default 
00068(00387),00000(00000) 0x00000020 01-07 06:14:26.910 17450: ../cc_bdy5.c:1088 ccFillCallType():: *pCallType = 0
00068(00387),00000(00000) 0x00000020 01-07 06:14:26.910 17450: ../cc_bdy5.c:33055 RedirPtySad  sent for ISDN
00068(00387),00000(00000) 0x00000020 01-07 06:14:26.910 17450: ../cc_bdy5.c:33100 ccFillLnpVarifySub():: lnpVarifySub = 0
00068(00387),00000(00000) 0x00000020 01-07 06:14:26.910 17450: ../cc_bdy5.c:33173 Invalid protocol=512 in ccFillNpFci()
00069(00387),00000(00000) 0x00000020 01-07 06:14:26.910 17450: ../cc_bdy5.c:33324 Invalid protocol=512 in ccFillCdDirNum()
00069(00387),00000(00000) 0x00000020 01-07 06:14:26.910 17450: ../cc_bdy5.c:33499 Invalid protocol=512 in ccFillQorCapInd()
00069(00387),00000(00000) 0x00000020 01-07 06:14:26.910 17450: ../cc_bdy5.c:33710 PresNmb sent for ISDN
00069(00387),00000(00000) 0x00000020 01-07 06:14:26.910 17450: ../cc_bdy5.c:34872 Entering ccFillSipCPC
00069(00387),00000(00000) 0x00000020 01-07 06:14:26.910 17450: ../cc_bdy5.c:34933 Invalid protocol type = 512
00070(00387),00000(00000) 0x00000020 01-07 06:14:26.910 17450: ../cc_bdy5.c:36717 ccFillSpecialCall():: *pspecialCall = 0
00070(00387),00000(00000) 0x00000020 01-07 06:14:26.910 17450: ../cc_bdy5.c:37666 Entering ccFillSipTermTgrp
00070(00387),00000(00000) 0x00000020 01-07 06:14:26.910 17450: ../cc_bdy5.c:37717 Invalid protocol type = 512
00070(00387),00000(00000) 0x00000020 01-07 06:14:26.910 17450: ../cc_bdy5.c:37743 Entering ccFillSipTermTrunkCtxt
00071(00387),00000(00000) 0x00000020 01-07 06:14:26.910 17450: ../cc_bdy5.c:37799 Invalid protocol type = 512
00071(00387),00000(00000) 0x00000020 01-07 06:14:26.910 17450: ../cc_bdy5.c:37822 Entering ccFillSipOrigTgrp
00071(00387),00000(00000) 0x00000020 01-07 06:14:26.910 17450: ../cc_bdy5.c:37858 Invalid protocol type = 512
00071(00387),00000(00000) 0x00000020 01-07 06:14:26.910 17450: ../cc_bdy5.c:37881 Entering ccFillSipOrigTrunkCtxt
00072(00387),00000(00000) 0x00000020 01-07 06:14:26.910 17450: ../cc_bdy5.c:37919 Invalid protocol type = 512
00073(00387),00000(00000) 0x00000020 01-07 06:14:26.910 17450: ../cc_lib.c:43474 CCFSM: State: 4->39, icSu:0x00000032, ogSu:0x00000033
00074(00387),00000(00000) 0x00000020 01-07 06:14:26.910 17450: ../cc_lib.c:22702 ccChangeCallStateOfAssociatedCalls:44, 0
00074(00387),00000(00000) 0x00000020 01-07 06:14:26.910 17450: ../cc_lib.c:43477  Sending Termination Attempt, TransID = 45
00060(00387),00000(00000) 0x00000020 01-07 06:14:26.910 17450: ../cc_bdy5.c:17052 CcUiFctAuthorizeTermination: 45
00060(00387),00000(00000) 0x00000020 01-07 06:14:26.910 17450: ../cc_bdy5.c:16571 ccFindBCMFromTransId  TransactionId = 45
00061(00387),00000(00000) 0x00000020 01-07 06:14:26.910 17450: ../cc_bdy5.c:4613 Extract AuthTerm
00061(00387),00000(00000) 0x00000020 01-07 06:14:26.910 17450: ../cc_bdy5.c:13913 CtrlLegTreat is not present, default :26
00061(00387),00000(00000) 0x00000020 01-07 06:14:26.910 17450: ../cc_bdy5.c:14022 Extracting Generic Name 
00061(00387),00000(00000) 0x00000020 01-07 06:14:26.910 17450: ../cc_bdy5.c:14026 Is Generic Name Present :3 
00062(00387),00000(00000) 0x00000020 01-07 06:14:26.910 17450: ../cc_bdy5.c:14029 Extracting genName into con->genName 
00062(00387),00000(00000) 0x00000020 01-07 06:14:26.910 17450: ../cc_bdy5.c:14036  genName is DLTD from con->genName for 32
00062(00387),00000(00000) 0x00000020 01-07 06:14:26.910 17450: ../cc_bdy5.c:3795 Extracting fwdCallInd..mbit is reset
00062(00387),00000(00000) 0x00000020 01-07 06:14:26.910 17450: ../cc_bdy5.c:13961  Copy DispText string into con->genName
00063(00387),00000(00000) 0x00000020 01-07 06:14:26.910 17450: ../cc_bdy5.c:30213 ccCopyDispTxt
00063(00387),00000(00000) 0x00000020 01-07 06:14:26.910 17450: ../cc_bdy5.c:30246 ccCopyDispTxt()::CNAM is not Displayed
00063(00387),00000(00000) 0x00000020 01-07 06:14:26.910 17450: ../cc_bdy5.c:11926 Extracting UpCgPrtyId for ISDN
00063(00387),00000(00000) 0x00000020 01-07 06:14:26.910 17450: ../cc_bdy5.c:12372 Already done
00064(00387),00000(00000) 0x00000020 01-07 06:14:26.910 17450: ../cc_bdy5.c:13461 Extracting redirInfo
00064(00387),00000(00000) 0x00000020 01-07 06:14:26.910 17450: ../cc_bdy5.c:13535 RedirInfo for ISDN is stored in con->ainInfo.redirInfo
00064(00387),00000(00000) 0x00000020 01-07 06:14:26.910 17450: ../cc_bdy5.c:3615 FcTrnstNtw pTrnstNtw->eh.pres NOT PRSNT
00064(00387),00000(00000) 0x00000020 01-07 06:14:26.910 17450: ../cc_lib.c:54092 ccFillCktCode - OZZ not picked from fcCarrTbl - ainInfo.tns.eh.pres:0, tns.netId.pres:0, routeInfo.nmbrCategoryPres:1, tns.ozz.pres:0
00064(00387),00000(00000) 0x00000020 01-07 06:14:26.910 17450: ../cc_lib.c:54095 ccFillCktCode: OZZ:0, numCat:30
00064(00387),00000(00000) 0x00000020 01-07 06:14:26.910 17450: ../cc_bdy5.c:2913 ccExtractLccId():: con->lccId = 
00064(00387),00000(00000) 0x00000020 01-07 06:14:26.910 17450: ../cc_bdy5.c:3016 pAinBillInfo->numRecords:0
00059(00387),00000(00000) 0x00000020 01-07 06:14:26.910 17450: ../cc_bdy5.c:3721 ccExtractCNDInfo():: bcm->con->ainInfo.CNDAllowed = 0
00059(00387),00000(00000) 0x00000020 01-07 06:14:26.910 17450: ../cc_bdy5.c:11053 before update, BCMTYPE:1
00059(00387),00000(00000) 0x00000020 01-07 06:14:26.910 17450: ../cc_bdy5.c:11056 icBcm.nel[0], 0
00059(00387),00000(00000) 0x00000020 01-07 06:14:26.910 17450: ../cc_bdy5.c:11056 icBcm.nel[1], 0
00059(00387),00000(00000) 0x00000020 01-07 06:14:26.910 17450: ../cc_bdy5.c:11056 icBcm.nel[2], 0
00060(00387),00000(00000) 0x00000020 01-07 06:14:26.910 17450: ../cc_bdy5.c:11056 icBcm.nel[3], 0
00061(00387),00000(00000) 0x00000020 01-07 06:14:26.910 17450: ../cc_bdy5.c:11056 icBcm.nel[4], 0
00062(00387),00000(00000) 0x00000020 01-07 06:14:26.910 17450: ../cc_bdy5.c:11056 icBcm.nel[5], 0
00063(00387),00000(00000) 0x00000020 01-07 06:14:26.910 17450: ../cc_bdy5.c:11056 icBcm.nel[6], 0
00064(00387),00000(00000) 0x00000020 01-07 06:14:26.910 17450: ../cc_bdy5.c:11056 icBcm.nel[7], 0
00064(00387),00000(00000) 0x00000020 01-07 06:14:26.910 17450: ../cc_bdy5.c:11056 icBcm.nel[8], 0
00065(00387),00000(00000) 0x00000020 01-07 06:14:26.910 17450: ../cc_bdy5.c:11056 icBcm.nel[9], 0
00065(00387),00000(00000) 0x00000020 01-07 06:14:26.910 17450: ../cc_bdy5.c:11056 icBcm.nel[10], 0
00065(00387),00000(00000) 0x00000020 01-07 06:14:26.910 17450: ../cc_bdy5.c:11056 icBcm.nel[11], 0
00066(00387),00000(00000) 0x00000020 01-07 06:14:26.910 17450: ../cc_bdy5.c:11056 icBcm.nel[12], 0
00066(00387),00000(00000) 0x00000020 01-07 06:14:26.910 17450: ../cc_bdy5.c:11056 icBcm.nel[13], 0
00066(00387),00000(00000) 0x00000020 01-07 06:14:26.910 17450: ../cc_bdy5.c:11056 icBcm.nel[14], 0
00067(00387),00000(00000) 0x00000020 01-07 06:14:26.910 17450: ../cc_bdy5.c:11056 icBcm.nel[15], 0
00067(00387),00000(00000) 0x00000020 01-07 06:14:26.910 17450: ../cc_bdy5.c:11056 icBcm.nel[16], 0
00068(00387),00000(00000) 0x00000020 01-07 06:14:26.910 17450: ../cc_bdy5.c:11056 icBcm.nel[17], 0
00069(00387),00000(00000) 0x00000020 01-07 06:14:26.910 17450: ../cc_bdy5.c:11056 icBcm.nel[18], 0
00069(00387),00000(00000) 0x00000020 01-07 06:14:26.910 17450: ../cc_bdy5.c:11056 icBcm.nel[19], 0
00070(00387),00000(00000) 0x00000020 01-07 06:14:26.910 17450: ../cc_bdy5.c:11056 icBcm.nel[20], 0
00070(00387),00000(00000) 0x00000020 01-07 06:14:26.910 17450: ../cc_bdy5.c:11056 icBcm.nel[21], 0
00071(00387),00000(00000) 0x00000020 01-07 06:14:26.910 17450: ../cc_bdy5.c:11056 icBcm.nel[22], 0
00072(00387),00000(00000) 0x00000020 01-07 06:14:26.910 17450: ../cc_bdy5.c:11056 icBcm.nel[23], 0
00072(00387),00000(00000) 0x00000020 01-07 06:14:26.910 17450: ../cc_bdy5.c:11056 icBcm.nel[24], 0
00073(00387),00000(00000) 0x00000020 01-07 06:14:26.910 17450: ../cc_bdy5.c:11056 icBcm.nel[25], 0
00073(00387),00000(00000) 0x00000020 01-07 06:14:26.910 17450: ../cc_bdy5.c:11056 icBcm.nel[26], 0
00074(00387),00000(00000) 0x00000020 01-07 06:14:26.910 17450: ../cc_bdy5.c:11056 icBcm.nel[27], 0
00075(00387),00000(00000) 0x00000020 01-07 06:14:26.910 17450: ../cc_bdy5.c:11056 icBcm.nel[28], 0
00075(00387),00000(00000) 0x00000020 01-07 06:14:26.910 17450: ../cc_bdy5.c:11056 icBcm.nel[29], 0
00076(00387),00000(00000) 0x00000020 01-07 06:14:26.910 17450: ../cc_bdy5.c:11056 icBcm.nel[30], 0
00076(00387),00000(00000) 0x00000020 01-07 06:14:26.910 17450: ../cc_bdy5.c:11056 icBcm.nel[31], 0
00077(00387),00000(00000) 0x00000020 01-07 06:14:26.910 17450: ../cc_bdy5.c:11056 icBcm.nel[32], 0
00078(00387),00000(00000) 0x00000020 01-07 06:14:26.910 17450: ../cc_bdy5.c:11062 Extracting pReqRepBCMEvnt->edpNot
00078(00387),00000(00000) 0x00000020 01-07 06:14:26.910 17450: ../cc_bdy5.c:11235 BCMTYPE:1
00079(00387),00000(00000) 0x00000020 01-07 06:14:26.910 17450: ../cc_bdy5.c:11238 icBcm.nel[0], 0
00080(00387),00000(00000) 0x00000020 01-07 06:14:26.910 17450: ../cc_bdy5.c:11238 icBcm.nel[1], 0
00081(00387),00000(00000) 0x00000020 01-07 06:14:26.910 17450: ../cc_bdy5.c:11238 icBcm.nel[2], 0
00082(00387),00000(00000) 0x00000020 01-07 06:14:26.910 17450: ../cc_bdy5.c:11238 icBcm.nel[3], 0
00083(00387),00000(00000) 0x00000020 01-07 06:14:26.910 17450: ../cc_bdy5.c:11238 icBcm.nel[4], 0
00083(00387),00000(00000) 0x00000020 01-07 06:14:26.910 17450: ../cc_bdy5.c:11238 icBcm.nel[5], 0
00084(00387),00000(00000) 0x00000020 01-07 06:14:26.910 17450: ../cc_bdy5.c:11238 icBcm.nel[6], 0
00085(00387),00000(00000) 0x00000020 01-07 06:14:26.910 17450: ../cc_bdy5.c:11238 icBcm.nel[7], 2
00085(00387),00000(00000) 0x00000020 01-07 06:14:26.910 17450: ../cc_bdy5.c:11238 icBcm.nel[8], 0
00086(00387),00000(00000) 0x00000020 01-07 06:14:26.910 17450: ../cc_bdy5.c:11238 icBcm.nel[9], 0
00087(00387),00000(00000) 0x00000020 01-07 06:14:26.910 17450: ../cc_bdy5.c:11238 icBcm.nel[10], 0
00088(00387),00000(00000) 0x00000020 01-07 06:14:26.910 17450: ../cc_bdy5.c:11238 icBcm.nel[11], 0
00089(00387),00000(00000) 0x00000020 01-07 06:14:26.910 17450: ../cc_bdy5.c:11238 icBcm.nel[12], 0
00090(00387),00000(00000) 0x00000020 01-07 06:14:26.910 17450: ../cc_bdy5.c:11238 icBcm.nel[13], 0
00091(00387),00000(00000) 0x00000020 01-07 06:14:26.910 17450: ../cc_bdy5.c:11238 icBcm.nel[14], 0
00092(00387),00000(00000) 0x00000020 01-07 06:14:26.910 17450: ../cc_bdy5.c:11238 icBcm.nel[15], 0
00093(00387),00000(00000) 0x00000020 01-07 06:14:26.910 17450: ../cc_bdy5.c:11238 icBcm.nel[16], 0
00094(00387),00000(00000) 0x00000020 01-07 06:14:26.910 17450: ../cc_bdy5.c:11238 icBcm.nel[17], 0
00095(00387),00000(00000) 0x00000020 01-07 06:14:26.910 17450: ../cc_bdy5.c:11238 icBcm.nel[18], 0
00095(00387),00000(00000) 0x00000020 01-07 06:14:26.910 17450: ../cc_bdy5.c:11238 icBcm.nel[19], 0
00096(00387),00000(00000) 0x00000020 01-07 06:14:26.910 17450: ../cc_bdy5.c:11238 icBcm.nel[20], 0
00097(00387),00000(00000) 0x00000020 01-07 06:14:26.910 17450: ../cc_bdy5.c:11238 icBcm.nel[21], 0
00097(00387),00000(00000) 0x00000020 01-07 06:14:26.910 17450: ../cc_bdy5.c:11238 icBcm.nel[22], 0
00098(00387),00000(00000) 0x00000020 01-07 06:14:26.910 17450: ../cc_bdy5.c:11238 icBcm.nel[23], 0
00099(00387),00000(00000) 0x00000020 01-07 06:14:26.910 17450: ../cc_bdy5.c:11238 icBcm.nel[24], 0
00099(00387),00000(00000) 0x00000020 01-07 06:14:26.910 17450: ../cc_bdy5.c:11238 icBcm.nel[25], 0
00099(00387),00000(00000) 0x00000020 01-07 06:14:26.910 17450: ../cc_bdy5.c:11238 icBcm.nel[26], 0
00100(00387),00000(00000) 0x00000020 01-07 06:14:26.910 17450: ../cc_bdy5.c:11238 icBcm.nel[27], 0
00100(00387),00000(00000) 0x00000020 01-07 06:14:26.910 17450: ../cc_bdy5.c:11238 icBcm.nel[28], 0
00101(00387),00000(00000) 0x00000020 01-07 06:14:26.910 17450: ../cc_bdy5.c:11238 icBcm.nel[29], 0
00101(00387),00000(00000) 0x00000020 01-07 06:14:26.910 17450: ../cc_bdy5.c:11238 icBcm.nel[30], 0
00102(00387),00000(00000) 0x00000020 01-07 06:14:26.910 17450: ../cc_bdy5.c:11238 icBcm.nel[31], 0
00103(00387),00000(00000) 0x00000020 01-07 06:14:26.910 17450: ../cc_bdy5.c:11238 icBcm.nel[32], 0
00103(00387),00000(00000) 0x00000020 01-07 06:14:26.910 17450: ../cc_bdy5.c:33569 Invalid protocol=512 in ccExtractQorCapInd()
00104(00387),00000(00000) 0x00000020 01-07 06:14:26.910 17450: ../cc_bdy5.c:33441 Invalid protocol=512 in ccExtractCdDirNum()
00104(00387),00000(00000) 0x00000020 01-07 06:14:26.910 17450: ../cc_bdy5.c:33222 Invalid protocol=512 in ccExtractNpFci()
00105(00387),00000(00000) 0x00000020 01-07 06:14:26.910 17450: ../cc_bdy5.c:31710 ccExtractTempAuthTermParams: Extracting params into tempAuthTerm
00105(00387),00000(00000) 0x00000020 01-07 06:14:26.910 17450: ../cc_bdy5.c:31800 Extract Ubuf original con->uBuf 0
00106(00387),00000(00000) 0x00000020 01-07 06:14:26.910 17450: ../cc_bdy5.c:31840 Extracted Ubuf 0 0
00106(00387),00000(00000) 0x00000020 01-07 06:14:26.910 17450: ../cc_bdy5.c:34947 Entering ccExtractSipCPC
00107(00387),00000(00000) 0x00000020 01-07 06:14:26.910 17450: ../cc_bdy5.c:35035 Invalid protocol type = 512
00107(00387),00000(00000) 0x00000020 01-07 06:14:26.910 17450: ../cc_bdy5.c:35050 Entering ccExtractSipTermTgrp
00108(00387),00000(00000) 0x00000020 01-07 06:14:26.910 17450: ../cc_bdy5.c:35101 Invalid protocol type = 512
00109(00387),00000(00000) 0x00000020 01-07 06:14:26.910 17450: ../cc_bdy5.c:35113 Entering ccExtractSipTermTrunkCtxt
00109(00387),00000(00000) 0x00000020 01-07 06:14:26.910 17450: ../cc_bdy5.c:35164 Invalid protocol type = 512
00110(00387),00000(00000) 0x00000020 01-07 06:14:26.910 17450: ../cc_bdy5.c:35177 Entering ccExtractSipOrigTgrp
00111(00387),00000(00000) 0x00000020 01-07 06:14:26.910 17450: ../cc_bdy5.c:35228 Invalid protocol type = 512
00111(00387),00000(00000) 0x00000020 01-07 06:14:26.910 17450: ../cc_bdy5.c:35240 Entering ccExtractSipOrigTrunkCtxt
00112(00387),00000(00000) 0x00000020 01-07 06:14:26.910 17450: ../cc_bdy5.c:35291 Invalid protocol type = 512
00113(00387),00000(00000) 0x00000020 01-07 06:14:26.910 17450: ../cc_bdy5.c:36761 ccExtractSpecialCall():: con->specialCall = 0, CC_FLAG_HPCQ_AR=0
00114(00387),00000(00000) 0x00000020 01-07 06:14:26.910 17450: ../cc_bdy5.c:2875 Started to Extract SvcHeader
00115(00387),00000(00000) 0x00000020 01-07 06:14:26.910 17450: ../cc_bdy5.c:2878 pHeader->suTransId =45
00115(00387),00000(00000) 0x00000020 01-07 06:14:26.910 17450: ../cc_bdy2.c:18066 CCFSM: EXT:E38S39, dir:1, icSp:0x00000022, icSu:0x00000032, ogSp:0x00000000, ogSu:0x00000033, icEvntType:00
00115(00387),00000(00000) 0x00000020 01-07 06:14:26.910 17450: ../cc_lib.c:22903 ccRestoreCallStateOfAssociatedCalls:44, 0
00116(00387),00000(00000) 0x00000020 01-07 06:14:26.910 17450: ../cc_lib.c:43518 ccProcessAuthorizeTermination icSu = 0x32, ogSu = 0x33, transId = 0x2d
00116(00387),00000(00000) 0x00000020 01-07 06:14:26.910 17450: ../cc_bdy4.c:22242 ccUpdBillRecPicAuthorizeCallSetup suConnId=50 **
00117(00387),00000(00000) 0x00000020 01-07 06:14:26.910 17450: ../cc_bdy4.c:22288 ccUpdBillRecForTns suConnId=50 **
00117(00387),00000(00000) 0x00000020 01-07 06:14:26.910 17450: ../cc_bdy5.c:16683 ccUpdateBcm , ccId=3, pic=12 bcmtype=1
00118(00387),00000(00000) 0x00000020 01-07 06:14:26.910 17450: ../cc_bdy2.c:64420 ccProcessTBusy:45,50
00118(00387),00000(00000) 0x00000020 01-07 06:14:26.910 17450: ../cc_bdy2.c:64516 EReqTBusy event is NOT ARMED: 50
00119(00387),00000(00000) 0x00000020 01-07 06:14:26.910 17450: ../cc_lib.c:25341 ccIsLEGSubscriber:1,45
00119(00387),00000(00000) 0x00000020 01-07 06:14:26.910 17450: ../cc_lib.c:25347 Protocol:512
00120(00387),00000(00000) 0x00000020 01-07 06:14:26.910 17450: ../cc_bdy4.c:12460 ccConTmrEv:Stop: tmr = 19, icSuConnId = 50, ogSuConnId = 51
00120(00387),00000(00000) 0x00000020 01-07 06:14:26.910 17450: ../cc_lib.c:15995 ccDeleteBufferedEvent: 50
00121(00387),00000(00000) 0x00000020 01-07 06:14:26.910 17450: ../cc_lib.c:15999 Buffer is NULLP
00122(00387),00000(00000) 0x00000020 01-07 06:14:26.910 17450: ../cc_bdy5.c:20351 Entering ccCloseTBcmTransaction
00123(00387),00000(00000) 0x00000020 01-07 06:14:26.910 17450: ../cc_bdy5.c:20393 Sending Close(IC) msg: deleting ogbcm entry
00124(00387),00000(00000) 0x00000020 01-07 06:14:26.910 17450: ../cc_bdy5.c:20396 Filling SvcHeader
00125(00387),00000(00000) 0x00000020 01-07 06:14:26.910 17450: ../cc_bdy5.c:1056 Filling SvcHeader for msgType = 22 captIndex 0
00126(00387),00000(00000) 0x00000020 01-07 06:14:26.910 17450: ../cc_bdy5.c:1061 pHeader->spTransId = 45, pHeader->suTransId = 45
00127(00387),00000(00000) 0x00000020 01-07 06:14:26.910 17450: ../cc_bdy5.c:20400 Filling CloseParam
00128(00387),00000(00000) 0x00000020 01-07 06:14:26.910 17450: ../cc_bdy5.c:2649 Fill Close
00128(00387),00000(00000) 0x00000020 01-07 06:14:26.910 17450: ../cc_bdy5.c:9716 Filling closeCause param
00129(00387),00000(00000) 0x00000020 01-07 06:14:26.910 17450: ../cc_bdy5.c:9884 Filling CcId, val = 3 
00130(00387),00000(00000) 0x00000020 01-07 06:14:26.910 17450: ../cc_bdy5.c:9927 ccFillRlsCause: ReleaseCause = 41
00129(00387),00000(00000) 0x00000020 01-07 06:14:26.910 17450: ../cc_bdy5.c:20405 Sending Close Msg as Call is Terminated, TransID=45
00123(00387),00000(00000) 0x00000020 01-07 06:14:26.910 17450: ../cc_bdy5.c:20419 Deleted entry from ccogBCMInsTbl: TransID=45
00124(00387),00000(00000) 0x00000020 01-07 06:14:26.910 17450: ../cc_bdy5.c:16855 ccDropOgBcmMember
00124(00387),00000(00000) 0x00000020 01-07 06:14:26.910 17450: ../cc_bdy5.c:16906 Deallocated ogBCM.cc
00124(00387),00000(00000) 0x00000020 01-07 06:14:26.910 17450: ../cc_bdy9.c:404 ccProcessFailCnd(): ccFailCndId=18, prot=514 **
00124(00387),00000(00000) 0x00000020 01-07 06:14:26.910 17450: ../cc_bdy4.c:12460 ccConTmrEv:Stop: tmr = 33, icSuConnId = 50, ogSuConnId = 51
00125(00387),00000(00000) 0x00000020 01-07 06:14:26.910 17450: ../cc_bdy4.c:12460 ccConTmrEv:Stop: tmr = 3, icSuConnId = 50, ogSuConnId = 51
00125(00387),00000(00000) 0x00000020 01-07 06:14:26.910 17450: ../cc_bdy9.c:495 CCRELCOND:18, icSp:0x00000022, icSu:0x00000032, ogSp:0x00000000, ogSu:0x00000033
00125(00387),00000(00000) 0x00000020 01-07 06:14:26.910 17450: ../cc_bdy4.c:19050  Entered ccRestoreEvntHold 
00126(00387),00000(00000) 0x00000020 01-07 06:14:26.910 17450: ../cc_bdy4.c:19056  No need to Restore EvntHold 
00127(00387),00000(00000) 0x00000020 01-07 06:14:26.910 17450: ../cc_bdy9.c:642 ccProcessFailCnd(): found prflId=1, failType=0 treatId=0, relCause=34, relLocation=3, relStd=0
00127(00387),00000(00000) 0x00000020 01-07 06:14:26.910 17450: ../cc_bdy6.c:8321 cleanUpMgQ
00128(00387),00000(00000) 0x00000020 01-07 06:14:26.910 17450: ../cc_bdy6.c:8330 Note: mgCtx is NULLP, no need to clean up
00128(00387),00000(00000) 0x00000020 01-07 06:14:26.910 17450: ../cc_bdy4.c:12460 ccConTmrEv:Stop: tmr = 2, icSuConnId = 50, ogSuConnId = 51
00128(00387),00000(00000) 0x00000020 01-07 06:14:26.910 17450: ../cc_bdy4.c:11504 ccConTmrEv:Start tmr = 3 icSuConnId = 50, ogSuConnId = 51
00129(00387),00000(00000) 0x00000020 01-07 06:14:26.910 17450: ../cc_bdy9.c:805 CCFSM: State:39->17, icSu:0x00000032, ogSu:0x00000033
00129(00387),00000(00000) 0x00000020 01-07 06:14:26.910 17450: ../cc_bdy9.c:811 Received failCond no treatment releasing with RElcause
00130(00387),00000(00000) 0x00000020 01-07 06:14:26.910 17450: ../cc_lib.c:1613 **ccSendReleaseWithLocCdStd: protType=514, cause=34, loc=3, std=0, sipcause=0, sipstatus=0**
00131(00387),00000(00000) 0x00000020 01-07 06:14:26.910 17450: ../cc_ptli.c:1652 CcLiCctRelReq::suConnId=32
00132(00387),00000(00000) 0x00000020 01-07 06:14:26.910 17450: ../cc_ptli.c:1681 ** Cause sent Out: 34 **
00133(00387),00000(00000) 0x00000020 01-07 06:14:26.910 17450: ../cc_ptli.c:1682 ** SENDING RELEASE REQUEST TO LAYER-3 **
00134(00387),00000(00000) 0x00000020 01-07 06:14:26.910 17450: ../cc_ptli.c:1682 ** icRscVal=1, icProtType=514 **
00135(00387),00000(00000) 0x00000020 01-07 06:14:26.910 17450: ../cc_ptli.c:1682 ** ogRscVal=0, ogProtType=514 **
00135(00387),00000(00000) 0x00000020 01-07 06:14:26.911 17450: ../cc_ptli.c:1682 ********** Current SysTicks = 60331 ***************
00136(00387),00000(00000) 0x00000020 01-07 06:14:26.911 17450: ../cc_ptli.c:1682 sysTicks:60331 CCTI: Event:0, State:0, icSp:0x00000022, icSu:0x00000032, ogSp:0x00000000, ogSu:0x00000033
00137(00387),00000(00000) 0x00000020 01-07 06:14:26.911 17450: ../cc_ptli.c:1682 ../cc_bdy2.c:19040 CCTI: State-> 1, icSu:0x00000032, ogSu:0x00000033
00137(00387),00000(00000) 0x00000020 01-07 06:14:26.911 17450: ../cc_ptli.c:1682 sysTicks:60331 CCTI: Event:9, State:1, icSp:0x00000022, icSu:0x00000032, ogSp:0x00000000, ogSu:0x00000033
00137(00387),00000(00000) 0x00000020 01-07 06:14:26.911 17450: ../cc_ptli.c:1682 ../cc_lib.c:43366 CCTI: State->37, icSu:0x00000032, ogSu:0x00000033
00138(00387),00000(00000) 0x00000020 01-07 06:14:26.911 17450: ../cc_ptli.c:1682 sysTicks:60331 CCTI: Event:37, State:37, icSp:0x00000022, icSu:0x00000032, ogSp:0x00000000, ogSu:0x00000033
00138(00387),00000(00000) 0x00000020 01-07 06:14:26.911 17450: ../cc_ptli.c:1682 ../cc_bdy2.c:61181 CCTI: State-> 4, icSu:0x00000032, ogSu:0x00000033
00138(00387),00000(00000) 0x00000020 01-07 06:14:26.911 17450: ../cc_ptli.c:1682 sysTicks:60331 CCTI: Event:9, State:4, icSp:0x00000022, icSu:0x00000032, ogSp:0x00000000, ogSu:0x00000033
00139(00387),00000(00000) 0x00000020 01-07 06:14:26.911 17450: ../cc_ptli.c:1682 ../cc_lib.c:43474 CCTI: State->39, icSu:0x00000032, ogSu:0x00000033
00139(00387),00000(00000) 0x00000020 01-07 06:14:26.911 17450: ../cc_ptli.c:1682 sysTicks:60331 CCTI: Event:38, State:39, icSp:0x00000022, icSu:0x00000032, ogSp:0x00000000, ogSu:0x00000033
00139(00387),00000(00000) 0x00000020 01-07 06:14:26.911 17450: ../cc_ptli.c:1682 ../cc_bdy9.c:805 CCTI: State->17, icSu:0x00000032, ogSu:0x00000033
00140(00387),00000(00000) 0x00000020 01-07 06:14:26.911 17450: ../qw_bdy1.c:4125 [QW]:QwUiCctRelReq, SpId 6, SpConnId 22, SuConnId 32 
00139(00387),00000(00000) 0x00000020 01-07 06:14:26.911 17450: ../qw_bdy5.c:532 [QW]:qwInSetDiscRcvd - ntc = bd7c41c4  ntc->discRcvd = 1
00139(00387),00000(00000) 0x00000020 01-07 06:14:26.911 17450: ../in_bdy1.c:4009 [Q931]:InUiIntDiscReq - spInstId=22, suInstId1=32, CauseVal=34 
00138(00387),00000(00000) 0x00000020 01-07 06:14:26.911 17450: ../in_bdy1.c:4153 [Q931]:InUiIntDiscReq - calling inActNet with EI_DISC - dCb = bd7bfebc, ntc = bd7c41c4
00139(00387),00000(00000) 0x00000020 01-07 06:14:26.911 17450: ../in_bdy9.c:9477 [Q931]:SuId:0x1, Event:27 State:1, dCallRef=0x1, suInstId=0x32
00140(00387),00000(00000) 0x00000020 01-07 06:14:26.911 17450: ../in_ptui.c:1398 [Q931]:InUiIntRelInd: pst->selector = 3, spInstId=22, suInstId=32, causeVal=34
00141(00387),00000(00000) 0x00000020 01-07 06:14:26.911 17450: ../qw_bdy1.c:2068 [QW]:QwLiIntRelInd, SuId 6, SuInstId  32, SpInstId 22
00141(00387),00000(00000) 0x00000020 01-07 06:14:26.911 17450: ../qw_bdy5.c:752 [QW]:ntc->suInstId = 0x000032, ntc->discRcvd = 1 bChanAs: 1
00141(00387),00000(00000) 0x00000020 01-07 06:14:26.911 17450: ../cc_calltrc.c:1161 ccNeedsLogging - callStage:4, icRsc-intfcType:512, ogRsc-intfcType:512
00141(00387),00000(00000) 0x00000020 01-07 06:14:26.911 17450: ../cc_calltrc.c:1172 ccNeedsLogging - icBcm.interCcs:0, ogBcm.interCcs:0, logit:1, icProtType:514, ogProtType:514
00142(00387),00000(00000) 0x00000020 01-07 06:14:26.911 17450: ../cc_calltrc.c:1092 ccChkCallTrc - needsLogging:TRUE, critNum:0, captNum:0
00141(00387),00000(00000) 0x00000020 01-07 06:14:26.911 17450: ../cc_bdy2.c:18066 CCFSM: EXT:E05S17, dir:1, icSp:0x00000022, icSu:0x00000032, ogSp:0x00000000, ogSu:0x00000033, icEvntType:00
00141(00387),00000(00000) 0x00000020 01-07 06:14:26.911 17450: ../cc_bdy2.c:33369 CCFSM: State:17->21, icSu:0x00000032, ogSu:0x00000033
00141(00387),00000(00000) 0x00000020 01-07 06:14:26.911 17450: ../cc_bdy5.c:23162 Entering ccReleaseCaleaLegs
00142(00387),00000(00000) 0x00000020 01-07 06:14:26.911 17450: ../cc_bdy5.c:23190 Either Orig Sub is not Tapped or caleaLegId1 is already released
00143(00387),00000(00000) 0x00000020 01-07 06:14:26.911 17450: ../cc_bdy5.c:23190 Either Orig Sub is not Tapped or caleaLegId2 is already released
00144(00387),00000(00000) 0x00000020 01-07 06:14:26.911 17450: ../cc_bdy5.c:23190 Either Orig Sub is not Tapped or caleaLegId3 is already released
00145(00387),00000(00000) 0x00000020 01-07 06:14:26.911 17450: ../cc_bdy5.c:23190 Either Orig Sub is not Tapped or caleaLegId4 is already released
00145(00387),00000(00000) 0x00000020 01-07 06:14:26.911 17450: ../cc_bdy5.c:23190 Either Orig Sub is not Tapped or caleaLegId5 is already released
00145(00387),00000(00000) 0x00000020 01-07 06:14:26.911 17450: ../cc_bdy5.c:23233 tappedCon->ogBcm.cc is NULLP in ccReleaseCaleaLegs()
00146(00387),00000(00000) 0x00000020 01-07 06:14:26.911 17450: ../cc_bdy3.c:1379 Close OBCM Transaction with FIC
00144(00387),00000(00000) 0x00000020 01-07 06:14:26.911 17450: ../cc_bdy5.c:20273 Sending Close(IC) msg: deleting icbcm entry
00145(00387),00000(00000) 0x00000020 01-07 06:14:26.911 17450: ../cc_bdy5.c:20276 Filling SvcHeader
00145(00387),00000(00000) 0x00000020 01-07 06:14:26.911 17450: ../cc_bdy5.c:1056 Filling SvcHeader for msgType = 22 captIndex 0
00146(00387),00000(00000) 0x00000020 01-07 06:14:26.911 17450: ../cc_bdy5.c:1061 pHeader->spTransId = 44, pHeader->suTransId = 44
00147(00387),00000(00000) 0x00000020 01-07 06:14:26.911 17450: ../cc_bdy5.c:20280 Filling CloseParam
00148(00387),00000(00000) 0x00000020 01-07 06:14:26.911 17450: ../cc_bdy5.c:2649 Fill Close
00149(00387),00000(00000) 0x00000020 01-07 06:14:26.911 17450: ../cc_bdy5.c:9716 Filling closeCause param
00149(00387),00000(00000) 0x00000020 01-07 06:14:26.911 17450: ../cc_bdy5.c:9884 Filling CcId, val = 1 
00150(00387),00000(00000) 0x00000020 01-07 06:14:26.911 17450: ../cc_bdy5.c:9927 ccFillRlsCause: ReleaseCause = 34
00150(00387),00000(00000) 0x00000020 01-07 06:14:26.911 17450: ../cc_bdy5.c:20284 Sending Close Msg: TransID=44
00149(00387),00000(00000) 0x00000020 01-07 06:14:26.911 17450: ../cc_bdy5.c:20298 Deleted entry from ccicBCMInsTbl: TransID=44
00150(00387),00000(00000) 0x00000020 01-07 06:14:26.911 17450: ../cc_bdy5.c:16776 ccDropIcBcmMember
00150(00387),00000(00000) 0x00000020 01-07 06:14:26.911 17450: ../cc_bdy5.c:16828 Deallocated icBCM.cc
00151(00387),00000(00000) 0x00000020 01-07 06:14:26.911 17450: ../cc_lib.c:37291 Decrementing intfc->nmbActvConn: 1
00151(00387),00000(00000) 0x00000020 01-07 06:14:26.911 17450: ../rm_bdy6.c:3088 rmDealocDss1: intfcId=3670, accessType=LRM_PRI, dealocType=6, intId=0, chan=2
00151(00387),00000(00000) 0x00000020 01-07 06:14:26.911 17450: ../rm_bdy6.c:3318  ChannelId:2, chMemberId=2, deallocated on PRI intId=0, and intfcId=3670:: cntCfgdChans=30, cntIdleChans=1, cntMntChans=29, cntPcChans=0, cntPcOosChans=0
00150(00387),00000(00000) 0x00000020 01-07 06:14:26.911 17450: ../rm_rum.c:391 rumSetUpdFlag: DID not start timer
00150(00387),00000(00000) 0x00000020 01-07 06:14:26.911 17450: ../cc_bdy2.c:18066 CCFSM: EXT:E10S21, dir:1, icSp:0x00000022, icSu:0x00000032, ogSp:0x00000000, ogSu:0x00000033, icEvntType:00
00151(00387),00000(00000) 0x00000020 01-07 06:14:26.911 17450: ../cc_bdy2.c:34716 CCFSM: State:21-> 0, icSu:0x00000032, ogSu:0x00000033
00151(00387),00000(00000) 0x00000020 01-07 06:14:26.911 17450: ../cc_bdy4.c:14602 ccRelCon: callState=0 for icSuConnId= 50
00152(00387),00000(00000) 0x00000020 01-07 06:14:26.911 17450: ../cc_bdy4.c:14615 ccRelCon: Bumped unAnswered = 15 for icSuConnId = 50
00152(00387),00000(00000) 0x00000020 01-07 06:14:26.911 17450: ../cc_bdy4.c:22659 ccStopFraudTmr:Stop: tmr = 26, icSuConnId = 50, ogSuConnId = 51
00152(00387),00000(00000) 0x00000020 01-07 06:14:26.911 17450: ../cc_bdy4.c:22659 ccStopFraudTmr:Stop: tmr = 27, icSuConnId = 50, ogSuConnId = 51
00152(00387),00000(00000) 0x00000020 01-07 06:14:26.911 17450: ../cc_lib.c:84206 ccFreeMultiMediaCb
00151(00387),00000(00000) 0x00000020 01-07 06:14:26.911 17450: ../cc_bdy5.c:20308  Entry from ccicBCMInsTbl deleted already
00152(00387),00000(00000) 0x00000020 01-07 06:14:26.911 17450: ../cc_bdy5.c:20351 Entering ccCloseTBcmTransaction
00152(00387),00000(00000) 0x00000020 01-07 06:14:26.911 17450: ../cc_bdy5.c:20429  Entry from ccogBCMInsTbl deleted already
00153(00387),00000(00000) 0x00000020 01-07 06:14:26.911 17450: ../cc_lib.c:74883 Enetering ccFreeSipIdInEvntHold:eventType :0!
00153(00387),00000(00000) 0x00000020 01-07 06:14:26.911 17450: ../cc_lib.c:75025 Enetering ccFreeSipPstnXmlInEvntHold:eventType :0!
00154(00387),00000(00000) 0x00000020 01-07 06:14:26.911 17450: ../cc_lib.c:94177 Enetering ccFreeSipUuiDataInEvntHold:eventType :0!
00154(00387),00000(00000) 0x00000020 01-07 06:14:26.911 17450: ../cc_lib.c:103166 Enetering ccFreeSipReqUriStrInEvntHold:eventType :0!
00153(00387),00000(00000) 0x00000020 01-07 06:14:26.911 17450: ../cc_lib.c:16185 ccCleanUpBufferedEvent: 50
00153(00387),00000(00000) 0x00000020 01-07 06:14:26.911 17450: ../cc_bdy4.c:12460 ccConTmrEv:Stop: tmr = 12, icSuConnId = 50, ogSuConnId = 51
00154(00387),00000(00000) 0x00000020 01-07 06:14:26.911 17450: ../cc_bdy5.c:22050 ccCleanUpforSurrogate
00154(00387),00000(00000) 0x00000020 01-07 06:14:26.911 17450: ../cc_lib.c:42913 ccCleanUpMgBlock 0x32
00155(00387),00000(00000) 0x00000020 01-07 06:14:26.911 17450: ../cc_bdy6.c:8321 cleanUpMgQ
00155(00387),00000(00000) 0x00000020 01-07 06:14:26.911 17450: ../cc_bdy6.c:8330 Note: mgCtx is NULLP, no need to clean up
00156(00387),00000(00000) 0x00000020 01-07 06:14:26.911 17450: ../cc_lib.c:42727 mgCtx = NULLP: 50
00156(00387),00000(00000) 0x00000020 01-07 06:14:26.911 17450: ../cc_bdy4.c:23431 ccFreeInapBillInfo
00156(00387),00000(00000) 0x00000020 01-07 06:14:26.911 17450: ../cc_geo_cri.c:1419 ccGeoFreeCriInfo_real:
00157(00387),00000(00000) 0x00000020 01-07 06:14:26.911 17450: ../cc_bdy4.c:23453 ccFreeSipUriHostpartS
00157(00387),00000(00000) 0x00000020 01-07 06:14:26.911 17450: ../cc_bdy4.c:23454 cdpty-hostname[len=0]: (null)
00158(00387),00000(00000) 0x00000020 01-07 06:14:26.911 17450: ../cc_bdy4.c:23455 cgpty-hostname[len=0]: (null)
00159(00387),00000(00000) 0x00000020 01-07 06:14:26.911 17450: ../cc_bdy4.c:23456 origCd-hostname[len=0]: (null)
00159(00387),00000(00000) 0x00000020 01-07 06:14:26.911 17450: ../cc_bdy4.c:23457 redirg-hostname[len=0]: (null)
00159(00387),00000(00000) 0x00000020 01-07 06:14:26.911 17450: ../cc_li_sm.c:1266 ccCleanUpLiInfo: Null pointers con:0xf6e0063c, liInfo:0x0
00159(00387),00000(00000) 0x00000020 01-07 06:14:26.911 17450: ../cc_lib.c:103272 ccFreePrecndCb
00159(00387),00000(00000) 0x00000020 01-07 06:14:26.911 17450: ../cc_bdy4.c:14501 AVT:tried to decrement beyond zero - 0x32:0x33
00158(00387),00000(00000) 0x00000020 01-07 06:14:26.911 17450: ../rm_bdy6.c:3088 rmDealocDss1: intfcId=3670, accessType=LRM_PRI, dealocType=9, intId=0, chan=2
00158(00387),00000(00000) 0x00000020 01-07 06:14:26.911 17450: ../rm_bdy6.c:3318  ChannelId:2, chMemberId=2, deallocated on PRI intId=0, and intfcId=3670:: cntCfgdChans=30, cntIdleChans=1, cntMntChans=29, cntPcChans=0, cntPcOosChans=0
00158(00387),00000(00000) 0x00000020 01-07 06:14:26.911 17450: ../rm_rum.c:391 rumSetUpdFlag: DID not start timer
00159(00387),00000(00000) 0x00000020 01-07 06:14:26.911 17450: ../in_bdy12.c:4267 inRelChan_real: called from ../in_bdy6.c 3422
00160(00387),00000(00000) 0x00000020 01-07 06:14:26.911 17450: ../in_bdy12.c:4268 inRelChan: bearChn->chnNmb=2, bearChn->rst= 0, bearChn->status changes from 1 to 0
00158(00387),00000(00000) 0x00000020 01-07 06:14:26.911 17450: ../in_bdy9.c:7083 [Q931]:building message 90 from ../in_bdy6.c:3443 
00158(00387),00000(00000) 0x00000020 01-07 06:14:26.911 17450: ../in_bdy9.c:7135 [Q931]:calling inSndMsg cb = bd7bfebc, mBuf = bd58d6fc ../in_bdy6.c:3443 
00159(00387),00000(00000) 0x00000020 01-07 06:14:26.911 17450: ../in_bdy9.c:7321 [Q931]:rSuId 4425 sending cb->mfMsgCtl.msgIdx = 16, spId = 1, ces = 0
00159(00387),00000(00000) 0x00000020 01-07 06:14:26.911 17450: ../in_bdy11.c:10379 [Q931]:inSendCallTraceInfo: no trace Id for this call
00159(00387),00000(00000) 0x00000020 01-07 06:14:26.911 17450: ../in_ptli.c:682 [Q931]:sending DatDatReq,  slot=551, lnkNmb=1, ces=0
00159(00387),00000(00000) 0x00000020 01-07 06:14:26.911 17450: ../in_bdy2.c:486 [Q931]:inRelCalRef:ntc=bd7c41c4 ntc->state=1 ntc->dConNum=0 ntc->dCallRef=1 evntType=0
00158(00387),00000(00000) 0x00000020 01-07 06:14:26.911 17450: ../in_bdy14.c:1517 [Q931]:inRemCallRef:callRef=1
00158(00387),00000(00000) 0x00000020 01-07 06:14:26.911 17450: ../in_bdy1.c:4156 [Q931]:InUiIntDiscReq - RETURNED OK From inActNet with EI_DISC
00156(00387),00000(00000) 0x00000020 01-07 06:14:26.911 17450: ../qw_bdy1.c:4444 [QW]:QwUiCctRscRsp, SpId 6, SpConnId 22, SuConnId 32, sndCmplt 1
00156(00387),00000(00000) 0x00000020 01-07 06:14:26.911 17450: ../qw_bdy1.c:4450 [QW]:QwUiCctRscRsp, Resource:           InfoChnSel 1,PrefExcl 0,intType 1,intIdent 0,chanNmbSlotMap2
00156(00387),00000(00000) 0x00000001 01-07 06:14:26.911 17450: 

date: 01/07/2014 time: 06:14:26
00156(00387),00000(00000) 0x00000001 01-07 06:14:26.911 17450: 
mtss(posix): sw error:  ent: 010  inst: 000  proc id: 551 
file: ../qw_bdy1.c line: 4525 errcode: 00070 errcls: ERRCLS_DEBUG
errval: 00034  errdesc: QwUiCctRscRsp() Failed, DChan not found for this spInstId
00001(00387),00000(00000) 0x00000020 01-07 06:14:26.919 17450: ../rm_rum.c:607 rumUpdTimeOut: **** RUM re-scheduled *****
00001(00387),00000(00000) 0x00000020 01-07 06:14:26.919 17450: ../rm_rum.c:1293 rumPrepareAndSendUpd: *** No Realms are configured *****
00002(00387),00000(00000) 0x00000020 01-07 06:14:26.919 17450: ../rm_rum.c:1349 rumPrepareAndSendUpd: *** No Realms are configured *****
00003(00387),00000(00000) 0x00000020 01-07 06:14:26.919 17450: ../rm_rum.c:1431 rumPrepareAndSendUpd: type = 512, id = 3670, flags = 0, hunting = 0, numCics = 0, total = 30, precut = 0, oos = 29, free = 1, overflow = 0, busy = 0
00001(00387),00000(00000) 0x00000020 01-07 06:14:26.919 17450: ../rm_rum.c:1638 rumPrepareAndSendUpd: numEntities:1, ccsId:1, versionId:10, flags:0 rumState:2, numRealms:0
00001(00387),00000(00000) 0x00000020 01-07 06:14:27.019 17450: ../rm_rum.c:607 rumUpdTimeOut: **** RUM re-scheduled *****
00002(00387),00000(00000) 0x00000020 01-07 06:14:27.019 17450: ../rm_rum.c:1293 rumPrepareAndSendUpd: *** No Realms are configured *****
00002(00387),00000(00000) 0x00000020 01-07 06:14:27.019 17450: ../rm_rum.c:1349 rumPrepareAndSendUpd: *** No Realms are configured *****
00002(00387),00000(00000) 0x00000020 01-07 06:14:27.019 17450: ../rm_rum.c:1606 rumPrepareAndSendUpd: ** RUM will stop updates to RS untill there isa change in  resource status
00001(00387),00000(00000) 0x00000020 01-07 06:14:34.719 17450: ../cc_bdy4.c:17336 ccGenericTmrEvent=2
00001(00387),00000(00000) 0x00000020 01-07 06:14:34.719 17450: ../cc_lib.c:63631 ccProcess10SecondTmrExpiry :No.ofOverload:0, currentMG_OverloadRate:0.000000, targetMG_OverloadRate:0.500000
00002(00387),00000(00000) 0x00000020 01-07 06:14:34.719 17450: ../cc_bdy4.c:17264 ccGenericStartTmr
00003(00387),00000(00000) 0x00000001 01-07 06:14:34.719 17450: ccGetStandingCalls: 0 standing calls.
00004(00387),00000(00000) 0x00000020 01-07 06:14:34.719 17450: ../cc_bdy4.c:23089 ccStartCcCongTimer
00005(00387),00000(00000) 0x00000020 01-07 06:14:34.719 17450: ../rm_rum.c:648 rumInactiveTimeOut: **** RUM Inactivity detected *****
00001(00387),00000(00000) 0x00000020 01-07 06:14:44.719 17450: ../cc_bdy4.c:17336 ccGenericTmrEvent=2
00001(00387),00000(00000) 0x00000020 01-07 06:14:44.719 17450: ../cc_lib.c:63631 ccProcess10SecondTmrExpiry :No.ofOverload:0, currentMG_OverloadRate:0.000000, targetMG_OverloadRate:0.500000
00002(00387),00000(00000) 0x00000020 01-07 06:14:44.719 17450: ../cc_bdy4.c:17264 ccGenericStartTmr
