
============= MEMWATCH 2.71 Copyright (C) 1992-1999 Johan Lindh =============

Started at Wed Jul  8 14:26:09 2015

Modes: __STDC__ 64-bit mwDWORD==(unsigned int)
mwROUNDALLOC==8 sizeof(mwData)==56 mwDataSize==56

double-free: <4> mem.c(18), 0x42785e0 was freed from mem.c(16)

Stopped at Wed Jul  8 14:26:09 2015

unfreed: <2> mem.c(12), 512 bytes at 0x4278830  	{FE FE FE FE FE FE FE FE FE FE FE FE FE FE FE FE ................}

Memory usage statistics (global):
 N)umber of allocations made: 2
 L)argest memory usage      : 1024
 T)otal of all alloc() calls: 1024
 U)nfreed bytes totals      : 512

============= MEMWATCH 2.71 Copyright (C) 1992-1999 Johan Lindh =============

Started at Wed Jul  8 14:33:26 2015

Modes: __STDC__ 64-bit mwDWORD==(unsigned int)
mwROUNDALLOC==8 sizeof(mwData)==56 mwDataSize==56

double-free: <4> mem.c(18), 0xfce25e0 was freed from mem.c(16)

Stopped at Wed Jul  8 14:33:26 2015

unfreed: <2> mem.c(12), 512 bytes at 0xfce2830  	{FE FE FE FE FE FE FE FE FE FE FE FE FE FE FE FE ................}

Memory usage statistics (global):
 N)umber of allocations made: 2
 L)argest memory usage      : 1024
 T)otal of all alloc() calls: 1024
 U)nfreed bytes totals      : 512

============= MEMWATCH 2.71 Copyright (C) 1992-1999 Johan Lindh =============

Started at Wed Jul  8 14:33:48 2015

Modes: __STDC__ 64-bit mwDWORD==(unsigned int)
mwROUNDALLOC==8 sizeof(mwData)==56 mwDataSize==56

double-free: <4> mem.c(15), 0x75fd5e0 was freed from mem.c(14)

Stopped at Wed Jul  8 14:33:48 2015

unfreed: <2> mem.c(11), 512 bytes at 0x75fd830  	{FE FE FE FE FE FE FE FE FE FE FE FE FE FE FE FE ................}

Memory usage statistics (global):
 N)umber of allocations made: 2
 L)argest memory usage      : 1024
 T)otal of all alloc() calls: 1024
 U)nfreed bytes totals      : 512
